CRITICAL - 2023-12-07 06:28:10 --> File "" does not exist.
in FCPATH\vendor\phpoffice\phpspreadsheet\src\PhpSpreadsheet\Shared\File.php on line 149.
 1 FCPATH\vendor\phpoffice\phpspreadsheet\src\PhpSpreadsheet\Reader\Xlsx.php(427): PhpOffice\PhpSpreadsheet\Shared\File::assertFile('', '_rels/.rels')
 2 FCPATH\vendor\phpoffice\phpspreadsheet\src\PhpSpreadsheet\Reader\BaseReader.php(182): PhpOffice\PhpSpreadsheet\Reader\Xlsx->loadSpreadsheetFromFile('')
 3 APPPATH\Controllers\Controllerclients.php(424): PhpOffice\PhpSpreadsheet\Reader\BaseReader->load('')
 4 SYSTEMPATH\CodeIgniter.php(932): App\Controllers\Controllerclients->uploadCandidate()
 5 SYSTEMPATH\CodeIgniter.php(497): CodeIgniter\CodeIgniter->runController(Object(App\Controllers\Controllerclients))
 6 SYSTEMPATH\CodeIgniter.php(366): CodeIgniter\CodeIgniter->handleRequest(null, Object(Config\Cache), false)
 7 FCPATH\index.php(67): CodeIgniter\CodeIgniter->run()
CRITICAL - 2023-12-07 06:28:28 --> File "" does not exist.
in FCPATH\vendor\phpoffice\phpspreadsheet\src\PhpSpreadsheet\Shared\File.php on line 149.
 1 FCPATH\vendor\phpoffice\phpspreadsheet\src\PhpSpreadsheet\Reader\Xlsx.php(427): PhpOffice\PhpSpreadsheet\Shared\File::assertFile('', '_rels/.rels')
 2 FCPATH\vendor\phpoffice\phpspreadsheet\src\PhpSpreadsheet\Reader\BaseReader.php(182): PhpOffice\PhpSpreadsheet\Reader\Xlsx->loadSpreadsheetFromFile('')
 3 APPPATH\Controllers\Controllerclients.php(424): PhpOffice\PhpSpreadsheet\Reader\BaseReader->load('')
 4 SYSTEMPATH\CodeIgniter.php(932): App\Controllers\Controllerclients->uploadCandidate()
 5 SYSTEMPATH\CodeIgniter.php(497): CodeIgniter\CodeIgniter->runController(Object(App\Controllers\Controllerclients))
 6 SYSTEMPATH\CodeIgniter.php(366): CodeIgniter\CodeIgniter->handleRequest(null, Object(Config\Cache), false)
 7 FCPATH\index.php(67): CodeIgniter\CodeIgniter->run()
CRITICAL - 2023-12-07 07:13:24 --> Undefined variable $data
in APPPATH\Controllers\Controllerclients.php on line 45.
 1 APPPATH\Controllers\Controllerclients.php(45): CodeIgniter\Debug\Exceptions->errorHandler(2, 'Undefined variable $data', 'C:\\xampp\\htdocs\\ReliableVerify\\app\\Controllers\\Controllerclients.php', 45)
 2 SYSTEMPATH\CodeIgniter.php(932): App\Controllers\Controllerclients->clientEmpUS()
 3 SYSTEMPATH\CodeIgniter.php(497): CodeIgniter\CodeIgniter->runController(Object(App\Controllers\Controllerclients))
 4 SYSTEMPATH\CodeIgniter.php(366): CodeIgniter\CodeIgniter->handleRequest(null, Object(Config\Cache), false)
 5 FCPATH\index.php(67): CodeIgniter\CodeIgniter->run()
CRITICAL - 2023-12-07 07:13:31 --> Undefined variable $NewVisionEmp_O
in APPPATH\Views\client-emp-us.php on line 256.
 1 APPPATH\Views\client-emp-us.php(256): CodeIgniter\Debug\Exceptions->errorHandler(2, 'Undefined variable $NewVisionEmp_O', 'C:\\xampp\\htdocs\\ReliableVerify\\app\\Views\\client-emp-us.php', 256)
 2 SYSTEMPATH\View\View.php(224): include('C:\\xampp\\htdocs\\ReliableVerify\\app\\Views\\client-emp-us.php')
 3 SYSTEMPATH\View\View.php(227): CodeIgniter\View\View->CodeIgniter\View\{closure}()
 4 SYSTEMPATH\Common.php(1180): CodeIgniter\View\View->render('client-emp-us', [], true)
 5 APPPATH\Controllers\Controllerclients.php(45): view('client-emp-us')
 6 SYSTEMPATH\CodeIgniter.php(932): App\Controllers\Controllerclients->clientEmpUS()
 7 SYSTEMPATH\CodeIgniter.php(497): CodeIgniter\CodeIgniter->runController(Object(App\Controllers\Controllerclients))
 8 SYSTEMPATH\CodeIgniter.php(366): CodeIgniter\CodeIgniter->handleRequest(null, Object(Config\Cache), false)
 9 FCPATH\index.php(67): CodeIgniter\CodeIgniter->run()
CRITICAL - 2023-12-07 07:15:49 --> print_r() expects at most 2 arguments, 3 given
in APPPATH\Controllers\Controllerclients.php on line 53.
 1 APPPATH\Controllers\Controllerclients.php(53): print_r('19', 'John', 'Smith')
 2 SYSTEMPATH\CodeIgniter.php(932): App\Controllers\Controllerclients->clientEmpUS()
 3 SYSTEMPATH\CodeIgniter.php(497): CodeIgniter\CodeIgniter->runController(Object(App\Controllers\Controllerclients))
 4 SYSTEMPATH\CodeIgniter.php(366): CodeIgniter\CodeIgniter->handleRequest(null, Object(Config\Cache), false)
 5 FCPATH\index.php(67): CodeIgniter\CodeIgniter->run()
CRITICAL - 2023-12-07 07:33:12 --> Undefined variable $NewVisionEmp_O
in APPPATH\Views\client-emp-other.php on line 256.
 1 APPPATH\Views\client-emp-other.php(256): CodeIgniter\Debug\Exceptions->errorHandler(2, 'Undefined variable $NewVisionEmp_O', 'C:\\xampp\\htdocs\\ReliableVerify\\app\\Views\\client-emp-other.php', 256)
 2 SYSTEMPATH\View\View.php(224): include('C:\\xampp\\htdocs\\ReliableVerify\\app\\Views\\client-emp-other.php')
 3 SYSTEMPATH\View\View.php(227): CodeIgniter\View\View->CodeIgniter\View\{closure}()
 4 SYSTEMPATH\Common.php(1180): CodeIgniter\View\View->render('client-emp-other', [], true)
 5 APPPATH\Controllers\Controllerclients.php(72): view('client-emp-other', [...])
 6 SYSTEMPATH\CodeIgniter.php(932): App\Controllers\Controllerclients->clientEmpOther()
 7 SYSTEMPATH\CodeIgniter.php(497): CodeIgniter\CodeIgniter->runController(Object(App\Controllers\Controllerclients))
 8 SYSTEMPATH\CodeIgniter.php(366): CodeIgniter\CodeIgniter->handleRequest(null, Object(Config\Cache), false)
 9 FCPATH\index.php(67): CodeIgniter\CodeIgniter->run()
CRITICAL - 2023-12-07 07:49:53 --> Undefined array key "user"
in APPPATH\Controllers\Controllerclients.php on line 57.
 1 APPPATH\Controllers\Controllerclients.php(57): CodeIgniter\Debug\Exceptions->errorHandler(2, 'Undefined array key "user"', 'C:\\xampp\\htdocs\\ReliableVerify\\app\\Controllers\\Controllerclients.php', 57)
 2 SYSTEMPATH\CodeIgniter.php(932): App\Controllers\Controllerclients->clientEmpUS()
 3 SYSTEMPATH\CodeIgniter.php(497): CodeIgniter\CodeIgniter->runController(Object(App\Controllers\Controllerclients))
 4 SYSTEMPATH\CodeIgniter.php(366): CodeIgniter\CodeIgniter->handleRequest(null, Object(Config\Cache), false)
 5 FCPATH\index.php(67): CodeIgniter\CodeIgniter->run()
CRITICAL - 2023-12-07 13:22:40 --> The action you requested is not allowed.
in SYSTEMPATH\Security\Security.php on line 306.
 1 SYSTEMPATH\Security\Security.php(306): CodeIgniter\Security\Exceptions\SecurityException::forDisallowedAction()
 2 SYSTEMPATH\Filters\CSRF.php(55): CodeIgniter\Security\Security->verify(Object(CodeIgniter\HTTP\IncomingRequest))
 3 APPPATH\Filters\CustomCSRF.php(24): CodeIgniter\Filters\CSRF->before(Object(CodeIgniter\HTTP\IncomingRequest), null)
 4 SYSTEMPATH\Filters\Filters.php(173): App\Filters\CustomCSRF->before(Object(CodeIgniter\HTTP\IncomingRequest), null)
 5 SYSTEMPATH\CodeIgniter.php(471): CodeIgniter\Filters\Filters->run('/users-client-emp-other', 'before')
 6 SYSTEMPATH\CodeIgniter.php(366): CodeIgniter\CodeIgniter->handleRequest(null, Object(Config\Cache), false)
 7 FCPATH\index.php(67): CodeIgniter\CodeIgniter->run()
CRITICAL - 2023-12-07 13:22:43 --> The action you requested is not allowed.
in SYSTEMPATH\Security\Security.php on line 306.
 1 SYSTEMPATH\Security\Security.php(306): CodeIgniter\Security\Exceptions\SecurityException::forDisallowedAction()
 2 SYSTEMPATH\Filters\CSRF.php(55): CodeIgniter\Security\Security->verify(Object(CodeIgniter\HTTP\IncomingRequest))
 3 APPPATH\Filters\CustomCSRF.php(24): CodeIgniter\Filters\CSRF->before(Object(CodeIgniter\HTTP\IncomingRequest), null)
 4 SYSTEMPATH\Filters\Filters.php(173): App\Filters\CustomCSRF->before(Object(CodeIgniter\HTTP\IncomingRequest), null)
 5 SYSTEMPATH\CodeIgniter.php(471): CodeIgniter\Filters\Filters->run('/users-client-emp-other', 'before')
 6 SYSTEMPATH\CodeIgniter.php(366): CodeIgniter\CodeIgniter->handleRequest(null, Object(Config\Cache), false)
 7 FCPATH\index.php(67): CodeIgniter\CodeIgniter->run()
CRITICAL - 2023-12-07 13:54:35 --> Undefined variable $candidate
in APPPATH\Views\invoice.php on line 97.
 1 APPPATH\Views\invoice.php(97): CodeIgniter\Debug\Exceptions->errorHandler(2, 'Undefined variable $candidate', 'C:\\xampp\\htdocs\\ReliableVerify\\app\\Views\\invoice.php', 97)
 2 SYSTEMPATH\View\View.php(224): include('C:\\xampp\\htdocs\\ReliableVerify\\app\\Views\\invoice.php')
 3 SYSTEMPATH\View\View.php(227): CodeIgniter\View\View->CodeIgniter\View\{closure}()
 4 SYSTEMPATH\Common.php(1180): CodeIgniter\View\View->render('invoice', [], true)
 5 APPPATH\Controllers\Controllerusers.php(641): view('invoice', [...])
 6 SYSTEMPATH\CodeIgniter.php(932): App\Controllers\Controllerusers->Invoice()
 7 SYSTEMPATH\CodeIgniter.php(497): CodeIgniter\CodeIgniter->runController(Object(App\Controllers\Controllerusers))
 8 SYSTEMPATH\CodeIgniter.php(366): CodeIgniter\CodeIgniter->handleRequest(null, Object(Config\Cache), false)
 9 FCPATH\index.php(67): CodeIgniter\CodeIgniter->run()
