CRITICAL - 2023-12-15 06:47:19 --> Undefined variable $NewVisionEmp_O
in APPPATH\Views\emp-dashboard.php on line 237.
 1 APPPATH\Views\emp-dashboard.php(237): CodeIgniter\Debug\Exceptions->errorHandler(2, 'Undefined variable $NewVisionEmp_O', 'C:\\xampp\\htdocs\\ReliableVerify\\app\\Views\\emp-dashboard.php', 237)
 2 SYSTEMPATH\View\View.php(224): include('C:\\xampp\\htdocs\\ReliableVerify\\app\\Views\\emp-dashboard.php')
 3 SYSTEMPATH\View\View.php(227): CodeIgniter\View\View->CodeIgniter\View\{closure}()
 4 SYSTEMPATH\Common.php(1180): CodeIgniter\View\View->render('emp-dashboard', [], true)
 5 APPPATH\Controllers\Controllerusers.php(210): view('emp-dashboard', [...])
 6 SYSTEMPATH\CodeIgniter.php(932): App\Controllers\Controllerusers->empdash()
 7 SYSTEMPATH\CodeIgniter.php(497): CodeIgniter\CodeIgniter->runController(Object(App\Controllers\Controllerusers))
 8 SYSTEMPATH\CodeIgniter.php(366): CodeIgniter\CodeIgniter->handleRequest(null, Object(Config\Cache), false)
 9 FCPATH\index.php(67): CodeIgniter\CodeIgniter->run()
CRITICAL - 2023-12-15 06:50:22 --> Undefined variable $NewVisionEmp_O
in APPPATH\Views\emp-dashboard.php on line 238.
 1 APPPATH\Views\emp-dashboard.php(238): CodeIgniter\Debug\Exceptions->errorHandler(2, 'Undefined variable $NewVisionEmp_O', 'C:\\xampp\\htdocs\\ReliableVerify\\app\\Views\\emp-dashboard.php', 238)
 2 SYSTEMPATH\View\View.php(224): include('C:\\xampp\\htdocs\\ReliableVerify\\app\\Views\\emp-dashboard.php')
 3 SYSTEMPATH\View\View.php(227): CodeIgniter\View\View->CodeIgniter\View\{closure}()
 4 SYSTEMPATH\Common.php(1180): CodeIgniter\View\View->render('emp-dashboard', [], true)
 5 APPPATH\Controllers\Controllerusers.php(210): view('emp-dashboard', [...])
 6 SYSTEMPATH\CodeIgniter.php(932): App\Controllers\Controllerusers->empdash()
 7 SYSTEMPATH\CodeIgniter.php(497): CodeIgniter\CodeIgniter->runController(Object(App\Controllers\Controllerusers))
 8 SYSTEMPATH\CodeIgniter.php(366): CodeIgniter\CodeIgniter->handleRequest(null, Object(Config\Cache), false)
 9 FCPATH\index.php(67): CodeIgniter\CodeIgniter->run()
CRITICAL - 2023-12-15 09:28:50 --> Call to undefined method CodeIgniter\Pager\Pager::make()
in APPPATH\Controllers\Controllerusers.php on line 190.
 1 SYSTEMPATH\CodeIgniter.php(932): App\Controllers\Controllerusers->empdash()
 2 SYSTEMPATH\CodeIgniter.php(497): CodeIgniter\CodeIgniter->runController(Object(App\Controllers\Controllerusers))
 3 SYSTEMPATH\CodeIgniter.php(366): CodeIgniter\CodeIgniter->handleRequest(null, Object(Config\Cache), false)
 4 FCPATH\index.php(67): CodeIgniter\CodeIgniter->run()
CRITICAL - 2023-12-15 09:30:36 --> Call to undefined method CodeIgniter\Pager\Pager::createLinks()
in APPPATH\Controllers\Controllerusers.php on line 190.
 1 SYSTEMPATH\CodeIgniter.php(932): App\Controllers\Controllerusers->empdash()
 2 SYSTEMPATH\CodeIgniter.php(497): CodeIgniter\CodeIgniter->runController(Object(App\Controllers\Controllerusers))
 3 SYSTEMPATH\CodeIgniter.php(366): CodeIgniter\CodeIgniter->handleRequest(null, Object(Config\Cache), false)
 4 FCPATH\index.php(67): CodeIgniter\CodeIgniter->run()
CRITICAL - 2023-12-15 09:31:12 --> Call to a member function setPath() on string
in APPPATH\Views\emp-dashboard.php on line 388.
 1 SYSTEMPATH\View\View.php(224): include()
 2 SYSTEMPATH\View\View.php(227): CodeIgniter\View\View->CodeIgniter\View\{closure}()
 3 SYSTEMPATH\Common.php(1180): CodeIgniter\View\View->render('emp-dashboard', [], true)
 4 APPPATH\Controllers\Controllerusers.php(198): view('emp-dashboard', [...])
 5 SYSTEMPATH\CodeIgniter.php(932): App\Controllers\Controllerusers->empdash()
 6 SYSTEMPATH\CodeIgniter.php(497): CodeIgniter\CodeIgniter->runController(Object(App\Controllers\Controllerusers))
 7 SYSTEMPATH\CodeIgniter.php(366): CodeIgniter\CodeIgniter->handleRequest(null, Object(Config\Cache), false)
 8 FCPATH\index.php(67): CodeIgniter\CodeIgniter->run()
CRITICAL - 2023-12-15 09:43:54 --> Call to a member function setPath() on string
in APPPATH\Views\emp-dashboard.php on line 388.
 1 SYSTEMPATH\View\View.php(224): include()
 2 SYSTEMPATH\View\View.php(227): CodeIgniter\View\View->CodeIgniter\View\{closure}()
 3 SYSTEMPATH\Common.php(1180): CodeIgniter\View\View->render('emp-dashboard', [], true)
 4 APPPATH\Controllers\Controllerusers.php(198): view('emp-dashboard', [...])
 5 SYSTEMPATH\CodeIgniter.php(932): App\Controllers\Controllerusers->empdash()
 6 SYSTEMPATH\CodeIgniter.php(497): CodeIgniter\CodeIgniter->runController(Object(App\Controllers\Controllerusers))
 7 SYSTEMPATH\CodeIgniter.php(366): CodeIgniter\CodeIgniter->handleRequest(null, Object(Config\Cache), false)
 8 FCPATH\index.php(67): CodeIgniter\CodeIgniter->run()
CRITICAL - 2023-12-15 09:43:56 --> Call to a member function setPath() on string
in APPPATH\Views\emp-dashboard.php on line 388.
 1 SYSTEMPATH\View\View.php(224): include()
 2 SYSTEMPATH\View\View.php(227): CodeIgniter\View\View->CodeIgniter\View\{closure}()
 3 SYSTEMPATH\Common.php(1180): CodeIgniter\View\View->render('emp-dashboard', [], true)
 4 APPPATH\Controllers\Controllerusers.php(198): view('emp-dashboard', [...])
 5 SYSTEMPATH\CodeIgniter.php(932): App\Controllers\Controllerusers->empdash()
 6 SYSTEMPATH\CodeIgniter.php(497): CodeIgniter\CodeIgniter->runController(Object(App\Controllers\Controllerusers))
 7 SYSTEMPATH\CodeIgniter.php(366): CodeIgniter\CodeIgniter->handleRequest(null, Object(Config\Cache), false)
 8 FCPATH\index.php(67): CodeIgniter\CodeIgniter->run()
CRITICAL - 2023-12-15 09:43:56 --> Call to a member function setPath() on string
in APPPATH\Views\emp-dashboard.php on line 388.
 1 SYSTEMPATH\View\View.php(224): include()
 2 SYSTEMPATH\View\View.php(227): CodeIgniter\View\View->CodeIgniter\View\{closure}()
 3 SYSTEMPATH\Common.php(1180): CodeIgniter\View\View->render('emp-dashboard', [], true)
 4 APPPATH\Controllers\Controllerusers.php(198): view('emp-dashboard', [...])
 5 SYSTEMPATH\CodeIgniter.php(932): App\Controllers\Controllerusers->empdash()
 6 SYSTEMPATH\CodeIgniter.php(497): CodeIgniter\CodeIgniter->runController(Object(App\Controllers\Controllerusers))
 7 SYSTEMPATH\CodeIgniter.php(366): CodeIgniter\CodeIgniter->handleRequest(null, Object(Config\Cache), false)
 8 FCPATH\index.php(67): CodeIgniter\CodeIgniter->run()
CRITICAL - 2023-12-15 09:43:57 --> Call to a member function setPath() on string
in APPPATH\Views\emp-dashboard.php on line 388.
 1 SYSTEMPATH\View\View.php(224): include()
 2 SYSTEMPATH\View\View.php(227): CodeIgniter\View\View->CodeIgniter\View\{closure}()
 3 SYSTEMPATH\Common.php(1180): CodeIgniter\View\View->render('emp-dashboard', [], true)
 4 APPPATH\Controllers\Controllerusers.php(198): view('emp-dashboard', [...])
 5 SYSTEMPATH\CodeIgniter.php(932): App\Controllers\Controllerusers->empdash()
 6 SYSTEMPATH\CodeIgniter.php(497): CodeIgniter\CodeIgniter->runController(Object(App\Controllers\Controllerusers))
 7 SYSTEMPATH\CodeIgniter.php(366): CodeIgniter\CodeIgniter->handleRequest(null, Object(Config\Cache), false)
 8 FCPATH\index.php(67): CodeIgniter\CodeIgniter->run()
CRITICAL - 2023-12-15 09:43:57 --> Call to a member function setPath() on string
in APPPATH\Views\emp-dashboard.php on line 388.
 1 SYSTEMPATH\View\View.php(224): include()
 2 SYSTEMPATH\View\View.php(227): CodeIgniter\View\View->CodeIgniter\View\{closure}()
 3 SYSTEMPATH\Common.php(1180): CodeIgniter\View\View->render('emp-dashboard', [], true)
 4 APPPATH\Controllers\Controllerusers.php(198): view('emp-dashboard', [...])
 5 SYSTEMPATH\CodeIgniter.php(932): App\Controllers\Controllerusers->empdash()
 6 SYSTEMPATH\CodeIgniter.php(497): CodeIgniter\CodeIgniter->runController(Object(App\Controllers\Controllerusers))
 7 SYSTEMPATH\CodeIgniter.php(366): CodeIgniter\CodeIgniter->handleRequest(null, Object(Config\Cache), false)
 8 FCPATH\index.php(67): CodeIgniter\CodeIgniter->run()
CRITICAL - 2023-12-15 09:45:57 --> Call to a member function links() on string
in APPPATH\Views\emp-dashboard.php on line 388.
 1 SYSTEMPATH\View\View.php(224): include()
 2 SYSTEMPATH\View\View.php(227): CodeIgniter\View\View->CodeIgniter\View\{closure}()
 3 SYSTEMPATH\Common.php(1180): CodeIgniter\View\View->render('emp-dashboard', [], true)
 4 APPPATH\Controllers\Controllerusers.php(198): view('emp-dashboard', [...])
 5 SYSTEMPATH\CodeIgniter.php(932): App\Controllers\Controllerusers->empdash()
 6 SYSTEMPATH\CodeIgniter.php(497): CodeIgniter\CodeIgniter->runController(Object(App\Controllers\Controllerusers))
 7 SYSTEMPATH\CodeIgniter.php(366): CodeIgniter\CodeIgniter->handleRequest(null, Object(Config\Cache), false)
 8 FCPATH\index.php(67): CodeIgniter\CodeIgniter->run()
CRITICAL - 2023-12-15 10:27:15 --> Undefined variable $pagerData_O
in APPPATH\Views\emp-dashboard.php on line 388.
 1 APPPATH\Views\emp-dashboard.php(388): CodeIgniter\Debug\Exceptions->errorHandler(2, 'Undefined variable $pagerData_O', 'C:\\xampp\\htdocs\\ReliableVerify\\app\\Views\\emp-dashboard.php', 388)
 2 SYSTEMPATH\View\View.php(224): include('C:\\xampp\\htdocs\\ReliableVerify\\app\\Views\\emp-dashboard.php')
 3 SYSTEMPATH\View\View.php(227): CodeIgniter\View\View->CodeIgniter\View\{closure}()
 4 SYSTEMPATH\Common.php(1180): CodeIgniter\View\View->render('emp-dashboard', [], true)
 5 APPPATH\Controllers\Controllerusers.php(194): view('emp-dashboard', [...])
 6 SYSTEMPATH\CodeIgniter.php(932): App\Controllers\Controllerusers->empdash()
 7 SYSTEMPATH\CodeIgniter.php(497): CodeIgniter\CodeIgniter->runController(Object(App\Controllers\Controllerusers))
 8 SYSTEMPATH\CodeIgniter.php(366): CodeIgniter\CodeIgniter->handleRequest(null, Object(Config\Cache), false)
 9 FCPATH\index.php(67): CodeIgniter\CodeIgniter->run()
CRITICAL - 2023-12-15 13:51:23 --> Call to a member function countAllResults() on array
in APPPATH\Controllers\Controllerusers.php on line 128.
 1 SYSTEMPATH\CodeIgniter.php(932): App\Controllers\Controllerusers->usersNewVisionEmp()
 2 SYSTEMPATH\CodeIgniter.php(497): CodeIgniter\CodeIgniter->runController(Object(App\Controllers\Controllerusers))
 3 SYSTEMPATH\CodeIgniter.php(366): CodeIgniter\CodeIgniter->handleRequest(null, Object(Config\Cache), false)
 4 FCPATH\index.php(67): CodeIgniter\CodeIgniter->run()
CRITICAL - 2023-12-15 13:52:37 --> Attempt to read property "pager" on array
in APPPATH\Controllers\Controllerusers.php on line 128.
 1 APPPATH\Controllers\Controllerusers.php(128): CodeIgniter\Debug\Exceptions->errorHandler(2, 'Attempt to read property "pager" on array', 'C:\\xampp\\htdocs\\ReliableVerify\\app\\Controllers\\Controllerusers.php', 128)
 2 SYSTEMPATH\CodeIgniter.php(932): App\Controllers\Controllerusers->usersNewVisionEmp()
 3 SYSTEMPATH\CodeIgniter.php(497): CodeIgniter\CodeIgniter->runController(Object(App\Controllers\Controllerusers))
 4 SYSTEMPATH\CodeIgniter.php(366): CodeIgniter\CodeIgniter->handleRequest(null, Object(Config\Cache), false)
 5 FCPATH\index.php(67): CodeIgniter\CodeIgniter->run()
CRITICAL - 2023-12-15 13:53:13 --> Attempt to read property "pager" on array
in APPPATH\Controllers\Controllerusers.php on line 128.
 1 APPPATH\Controllers\Controllerusers.php(128): CodeIgniter\Debug\Exceptions->errorHandler(2, 'Attempt to read property "pager" on array', 'C:\\xampp\\htdocs\\ReliableVerify\\app\\Controllers\\Controllerusers.php', 128)
 2 SYSTEMPATH\CodeIgniter.php(932): App\Controllers\Controllerusers->usersNewVisionEmp()
 3 SYSTEMPATH\CodeIgniter.php(497): CodeIgniter\CodeIgniter->runController(Object(App\Controllers\Controllerusers))
 4 SYSTEMPATH\CodeIgniter.php(366): CodeIgniter\CodeIgniter->handleRequest(null, Object(Config\Cache), false)
 5 FCPATH\index.php(67): CodeIgniter\CodeIgniter->run()
CRITICAL - 2023-12-15 13:57:57 --> count(): Argument #1 ($value) must be of type Countable|array, App\Models\ClientModel given
in APPPATH\Controllers\Controllerusers.php on line 120.
 1 APPPATH\Controllers\Controllerusers.php(120): count(Object(App\Models\ClientModel))
 2 SYSTEMPATH\CodeIgniter.php(932): App\Controllers\Controllerusers->usersNewVisionEmp()
 3 SYSTEMPATH\CodeIgniter.php(497): CodeIgniter\CodeIgniter->runController(Object(App\Controllers\Controllerusers))
 4 SYSTEMPATH\CodeIgniter.php(366): CodeIgniter\CodeIgniter->handleRequest(null, Object(Config\Cache), false)
 5 FCPATH\index.php(67): CodeIgniter\CodeIgniter->run()
CRITICAL - 2023-12-15 14:11:33 --> Undefined variable $ongoing
in APPPATH\Views\users-new-vision-emp.php on line 264.
 1 APPPATH\Views\users-new-vision-emp.php(264): CodeIgniter\Debug\Exceptions->errorHandler(2, 'Undefined variable $ongoing', 'C:\\xampp\\htdocs\\ReliableVerify\\app\\Views\\users-new-vision-emp.php', 264)
 2 SYSTEMPATH\View\View.php(224): include('C:\\xampp\\htdocs\\ReliableVerify\\app\\Views\\users-new-vision-emp.php')
 3 SYSTEMPATH\View\View.php(227): CodeIgniter\View\View->CodeIgniter\View\{closure}()
 4 SYSTEMPATH\Common.php(1180): CodeIgniter\View\View->render('users-new-vision-emp', [], true)
 5 APPPATH\Controllers\Controllerusers.php(134): view('users-new-vision-emp', [...])
 6 SYSTEMPATH\CodeIgniter.php(932): App\Controllers\Controllerusers->usersNewVisionEmp()
 7 SYSTEMPATH\CodeIgniter.php(497): CodeIgniter\CodeIgniter->runController(Object(App\Controllers\Controllerusers))
 8 SYSTEMPATH\CodeIgniter.php(366): CodeIgniter\CodeIgniter->handleRequest(null, Object(Config\Cache), false)
 9 FCPATH\index.php(67): CodeIgniter\CodeIgniter->run()
CRITICAL - 2023-12-15 14:12:24 --> Undefined variable $stop
in APPPATH\Views\users-new-vision-emp.php on line 267.
 1 APPPATH\Views\users-new-vision-emp.php(267): CodeIgniter\Debug\Exceptions->errorHandler(2, 'Undefined variable $stop', 'C:\\xampp\\htdocs\\ReliableVerify\\app\\Views\\users-new-vision-emp.php', 267)
 2 SYSTEMPATH\View\View.php(224): include('C:\\xampp\\htdocs\\ReliableVerify\\app\\Views\\users-new-vision-emp.php')
 3 SYSTEMPATH\View\View.php(227): CodeIgniter\View\View->CodeIgniter\View\{closure}()
 4 SYSTEMPATH\Common.php(1180): CodeIgniter\View\View->render('users-new-vision-emp', [], true)
 5 APPPATH\Controllers\Controllerusers.php(135): view('users-new-vision-emp', [...])
 6 SYSTEMPATH\CodeIgniter.php(932): App\Controllers\Controllerusers->usersNewVisionEmp()
 7 SYSTEMPATH\CodeIgniter.php(497): CodeIgniter\CodeIgniter->runController(Object(App\Controllers\Controllerusers))
 8 SYSTEMPATH\CodeIgniter.php(366): CodeIgniter\CodeIgniter->handleRequest(null, Object(Config\Cache), false)
 9 FCPATH\index.php(67): CodeIgniter\CodeIgniter->run()
