CRITICAL - 2023-10-28 05:20:50 --> The action you requested is not allowed.
in SYSTEMPATH\Security\Security.php on line 306.
 1 SYSTEMPATH\Security\Security.php(306): CodeIgniter\Security\Exceptions\SecurityException::forDisallowedAction()
 2 SYSTEMPATH\Filters\CSRF.php(55): CodeIgniter\Security\Security->verify(Object(CodeIgniter\HTTP\IncomingRequest))
 3 APPPATH\Filters\CustomCSRF.php(24): CodeIgniter\Filters\CSRF->before(Object(CodeIgniter\HTTP\IncomingRequest), null)
 4 SYSTEMPATH\Filters\Filters.php(173): App\Filters\CustomCSRF->before(Object(CodeIgniter\HTTP\IncomingRequest), null)
 5 SYSTEMPATH\CodeIgniter.php(471): CodeIgniter\Filters\Filters->run('/stop-case', 'before')
 6 SYSTEMPATH\CodeIgniter.php(366): CodeIgniter\CodeIgniter->handleRequest(null, Object(Config\Cache), false)
 7 FCPATH\index.php(67): CodeIgniter\CodeIgniter->run()
CRITICAL - 2023-10-28 06:16:25 --> There is no data to update.
in SYSTEMPATH\BaseModel.php on line 1680.
 1 SYSTEMPATH\BaseModel.php(1680): CodeIgniter\Database\Exceptions\DataException::forEmptyDataset('update')
 2 SYSTEMPATH\BaseModel.php(910): CodeIgniter\BaseModel->transformDataToArray(null, 'update')
 3 SYSTEMPATH\Model.php(756): CodeIgniter\BaseModel->update([...], null)
 4 APPPATH\Controllers\BgvController.php(293): CodeIgniter\Model->update([...])
 5 SYSTEMPATH\CodeIgniter.php(932): App\Controllers\BgvController->uploadBgvReport()
 6 SYSTEMPATH\CodeIgniter.php(497): CodeIgniter\CodeIgniter->runController(Object(App\Controllers\BgvController))
 7 SYSTEMPATH\CodeIgniter.php(366): CodeIgniter\CodeIgniter->handleRequest(null, Object(Config\Cache), false)
 8 FCPATH\index.php(67): CodeIgniter\CodeIgniter->run()
CRITICAL - 2023-10-28 06:18:43 --> There is no data to update.
in SYSTEMPATH\BaseModel.php on line 1680.
 1 SYSTEMPATH\BaseModel.php(1680): CodeIgniter\Database\Exceptions\DataException::forEmptyDataset('update')
 2 SYSTEMPATH\BaseModel.php(910): CodeIgniter\BaseModel->transformDataToArray(null, 'update')
 3 SYSTEMPATH\Model.php(756): CodeIgniter\BaseModel->update([...], null)
 4 APPPATH\Controllers\BgvController.php(293): CodeIgniter\Model->update([...])
 5 SYSTEMPATH\CodeIgniter.php(932): App\Controllers\BgvController->uploadBgvReport()
 6 SYSTEMPATH\CodeIgniter.php(497): CodeIgniter\CodeIgniter->runController(Object(App\Controllers\BgvController))
 7 SYSTEMPATH\CodeIgniter.php(366): CodeIgniter\CodeIgniter->handleRequest(null, Object(Config\Cache), false)
 8 FCPATH\index.php(67): CodeIgniter\CodeIgniter->run()
CRITICAL - 2023-10-28 06:33:37 --> There is no data to update.
in SYSTEMPATH\BaseModel.php on line 1680.
 1 SYSTEMPATH\BaseModel.php(1680): CodeIgniter\Database\Exceptions\DataException::forEmptyDataset('update')
 2 SYSTEMPATH\BaseModel.php(910): CodeIgniter\BaseModel->transformDataToArray(null, 'update')
 3 SYSTEMPATH\Model.php(756): CodeIgniter\BaseModel->update([...], null)
 4 APPPATH\Controllers\BgvController.php(294): CodeIgniter\Model->update([...])
 5 SYSTEMPATH\CodeIgniter.php(932): App\Controllers\BgvController->uploadBgvReport()
 6 SYSTEMPATH\CodeIgniter.php(497): CodeIgniter\CodeIgniter->runController(Object(App\Controllers\BgvController))
 7 SYSTEMPATH\CodeIgniter.php(366): CodeIgniter\CodeIgniter->handleRequest(null, Object(Config\Cache), false)
 8 FCPATH\index.php(67): CodeIgniter\CodeIgniter->run()
CRITICAL - 2023-10-28 06:36:51 --> There is no data to update.
in SYSTEMPATH\BaseModel.php on line 1680.
 1 SYSTEMPATH\BaseModel.php(1680): CodeIgniter\Database\Exceptions\DataException::forEmptyDataset('update')
 2 SYSTEMPATH\BaseModel.php(910): CodeIgniter\BaseModel->transformDataToArray(null, 'update')
 3 SYSTEMPATH\Model.php(756): CodeIgniter\BaseModel->update([...], null)
 4 APPPATH\Controllers\BgvController.php(294): CodeIgniter\Model->update([...])
 5 SYSTEMPATH\CodeIgniter.php(932): App\Controllers\BgvController->uploadBgvReport()
 6 SYSTEMPATH\CodeIgniter.php(497): CodeIgniter\CodeIgniter->runController(Object(App\Controllers\BgvController))
 7 SYSTEMPATH\CodeIgniter.php(366): CodeIgniter\CodeIgniter->handleRequest(null, Object(Config\Cache), false)
 8 FCPATH\index.php(67): CodeIgniter\CodeIgniter->run()
CRITICAL - 2023-10-28 06:38:20 --> There is no data to update.
in SYSTEMPATH\BaseModel.php on line 1680.
 1 SYSTEMPATH\BaseModel.php(1680): CodeIgniter\Database\Exceptions\DataException::forEmptyDataset('update')
 2 SYSTEMPATH\BaseModel.php(910): CodeIgniter\BaseModel->transformDataToArray(null, 'update')
 3 SYSTEMPATH\Model.php(756): CodeIgniter\BaseModel->update([...], null)
 4 APPPATH\Controllers\BgvController.php(294): CodeIgniter\Model->update([...])
 5 SYSTEMPATH\CodeIgniter.php(932): App\Controllers\BgvController->uploadBgvReport()
 6 SYSTEMPATH\CodeIgniter.php(497): CodeIgniter\CodeIgniter->runController(Object(App\Controllers\BgvController))
 7 SYSTEMPATH\CodeIgniter.php(366): CodeIgniter\CodeIgniter->handleRequest(null, Object(Config\Cache), false)
 8 FCPATH\index.php(67): CodeIgniter\CodeIgniter->run()
CRITICAL - 2023-10-28 06:42:40 --> Call to a member function update() on array
in APPPATH\Controllers\BgvController.php on line 295.
 1 SYSTEMPATH\CodeIgniter.php(932): App\Controllers\BgvController->uploadBgvReport()
 2 SYSTEMPATH\CodeIgniter.php(497): CodeIgniter\CodeIgniter->runController(Object(App\Controllers\BgvController))
 3 SYSTEMPATH\CodeIgniter.php(366): CodeIgniter\CodeIgniter->handleRequest(null, Object(Config\Cache), false)
 4 FCPATH\index.php(67): CodeIgniter\CodeIgniter->run()
CRITICAL - 2023-10-28 06:44:03 --> Call to a member function update() on array
in APPPATH\Controllers\BgvController.php on line 295.
 1 SYSTEMPATH\CodeIgniter.php(932): App\Controllers\BgvController->uploadBgvReport()
 2 SYSTEMPATH\CodeIgniter.php(497): CodeIgniter\CodeIgniter->runController(Object(App\Controllers\BgvController))
 3 SYSTEMPATH\CodeIgniter.php(366): CodeIgniter\CodeIgniter->handleRequest(null, Object(Config\Cache), false)
 4 FCPATH\index.php(67): CodeIgniter\CodeIgniter->run()
CRITICAL - 2023-10-28 06:45:52 --> Updates are not allowed unless they contain a "where" or "like" clause.
in SYSTEMPATH\Model.php on line 391.
 1 SYSTEMPATH\BaseModel.php(943): CodeIgniter\Model->doUpdate(null, [...])
 2 SYSTEMPATH\Model.php(756): CodeIgniter\BaseModel->update(null, [...])
 3 APPPATH\Controllers\BgvController.php(295): CodeIgniter\Model->update(null, [...])
 4 SYSTEMPATH\CodeIgniter.php(932): App\Controllers\BgvController->uploadBgvReport()
 5 SYSTEMPATH\CodeIgniter.php(497): CodeIgniter\CodeIgniter->runController(Object(App\Controllers\BgvController))
 6 SYSTEMPATH\CodeIgniter.php(366): CodeIgniter\CodeIgniter->handleRequest(null, Object(Config\Cache), false)
 7 FCPATH\index.php(67): CodeIgniter\CodeIgniter->run()
CRITICAL - 2023-10-28 06:57:38 --> Call to a member function update() on array
in APPPATH\Controllers\BgvController.php on line 298.
 1 SYSTEMPATH\CodeIgniter.php(932): App\Controllers\BgvController->uploadBgvReport()
 2 SYSTEMPATH\CodeIgniter.php(497): CodeIgniter\CodeIgniter->runController(Object(App\Controllers\BgvController))
 3 SYSTEMPATH\CodeIgniter.php(366): CodeIgniter\CodeIgniter->handleRequest(null, Object(Config\Cache), false)
 4 FCPATH\index.php(67): CodeIgniter\CodeIgniter->run()
CRITICAL - 2023-10-28 06:59:23 --> Updates are not allowed unless they contain a "where" or "like" clause.
in SYSTEMPATH\Model.php on line 391.
 1 SYSTEMPATH\BaseModel.php(943): CodeIgniter\Model->doUpdate(null, [...])
 2 SYSTEMPATH\Model.php(756): CodeIgniter\BaseModel->update(null, [...])
 3 APPPATH\Controllers\BgvController.php(296): CodeIgniter\Model->update(null, [...])
 4 SYSTEMPATH\CodeIgniter.php(932): App\Controllers\BgvController->uploadBgvReport()
 5 SYSTEMPATH\CodeIgniter.php(497): CodeIgniter\CodeIgniter->runController(Object(App\Controllers\BgvController))
 6 SYSTEMPATH\CodeIgniter.php(366): CodeIgniter\CodeIgniter->handleRequest(null, Object(Config\Cache), false)
 7 FCPATH\index.php(67): CodeIgniter\CodeIgniter->run()
CRITICAL - 2023-10-28 07:26:10 --> There is no data to update.
in SYSTEMPATH\BaseModel.php on line 1680.
 1 SYSTEMPATH\BaseModel.php(1680): CodeIgniter\Database\Exceptions\DataException::forEmptyDataset('update')
 2 SYSTEMPATH\BaseModel.php(910): CodeIgniter\BaseModel->transformDataToArray(null, 'update')
 3 SYSTEMPATH\Model.php(756): CodeIgniter\BaseModel->update([...], null)
 4 APPPATH\Controllers\BgvController.php(443): CodeIgniter\Model->update([...])
 5 SYSTEMPATH\CodeIgniter.php(932): App\Controllers\BgvController->stopCase()
 6 SYSTEMPATH\CodeIgniter.php(497): CodeIgniter\CodeIgniter->runController(Object(App\Controllers\BgvController))
 7 SYSTEMPATH\CodeIgniter.php(366): CodeIgniter\CodeIgniter->handleRequest(null, Object(Config\Cache), false)
 8 FCPATH\index.php(67): CodeIgniter\CodeIgniter->run()
CRITICAL - 2023-10-28 07:28:23 --> There is no data to update.
in SYSTEMPATH\BaseModel.php on line 1680.
 1 SYSTEMPATH\BaseModel.php(1680): CodeIgniter\Database\Exceptions\DataException::forEmptyDataset('update')
 2 SYSTEMPATH\BaseModel.php(910): CodeIgniter\BaseModel->transformDataToArray(null, 'update')
 3 SYSTEMPATH\Model.php(756): CodeIgniter\BaseModel->update([...], null)
 4 APPPATH\Controllers\BgvController.php(444): CodeIgniter\Model->update([...])
 5 SYSTEMPATH\CodeIgniter.php(932): App\Controllers\BgvController->stopCase()
 6 SYSTEMPATH\CodeIgniter.php(497): CodeIgniter\CodeIgniter->runController(Object(App\Controllers\BgvController))
 7 SYSTEMPATH\CodeIgniter.php(366): CodeIgniter\CodeIgniter->handleRequest(null, Object(Config\Cache), false)
 8 FCPATH\index.php(67): CodeIgniter\CodeIgniter->run()
CRITICAL - 2023-10-28 07:30:14 --> There is no data to update.
in SYSTEMPATH\BaseModel.php on line 1680.
 1 SYSTEMPATH\BaseModel.php(1680): CodeIgniter\Database\Exceptions\DataException::forEmptyDataset('update')
 2 SYSTEMPATH\BaseModel.php(910): CodeIgniter\BaseModel->transformDataToArray(null, 'update')
 3 SYSTEMPATH\Model.php(756): CodeIgniter\BaseModel->update([...], null)
 4 APPPATH\Controllers\BgvController.php(444): CodeIgniter\Model->update([...])
 5 SYSTEMPATH\CodeIgniter.php(932): App\Controllers\BgvController->stopCase()
 6 SYSTEMPATH\CodeIgniter.php(497): CodeIgniter\CodeIgniter->runController(Object(App\Controllers\BgvController))
 7 SYSTEMPATH\CodeIgniter.php(366): CodeIgniter\CodeIgniter->handleRequest(null, Object(Config\Cache), false)
 8 FCPATH\index.php(67): CodeIgniter\CodeIgniter->run()
ERROR - 2023-10-28 09:47:33 --> mysqli_sql_exception: Column 'id012' cannot be null in C:\xampp\htdocs\ReliableVerify\system\Database\MySQLi\Connection.php:295
Stack trace:
#0 C:\xampp\htdocs\ReliableVerify\system\Database\MySQLi\Connection.php(295): mysqli->query('INSERT INTO `ca...', 0)
#1 C:\xampp\htdocs\ReliableVerify\system\Database\BaseConnection.php(692): CodeIgniter\Database\MySQLi\Connection->execute('INSERT INTO `ca...')
#2 C:\xampp\htdocs\ReliableVerify\system\Database\BaseConnection.php(606): CodeIgniter\Database\BaseConnection->simpleQuery('INSERT INTO `ca...')
#3 C:\xampp\htdocs\ReliableVerify\system\Database\BaseBuilder.php(2309): CodeIgniter\Database\BaseConnection->query('INSERT INTO `ca...', Array, false)
#4 C:\xampp\htdocs\ReliableVerify\system\Model.php(330): CodeIgniter\Database\BaseBuilder->insert()
#5 C:\xampp\htdocs\ReliableVerify\system\BaseModel.php(782): CodeIgniter\Model->doInsert(Array)
#6 C:\xampp\htdocs\ReliableVerify\system\Model.php(730): CodeIgniter\BaseModel->insert(Array, true)
#7 C:\xampp\htdocs\ReliableVerify\app\Controllers\Controllerclients.php(221): CodeIgniter\Model->insert(Array)
#8 C:\xampp\htdocs\ReliableVerify\system\CodeIgniter.php(932): App\Controllers\Controllerclients->addclient()
#9 C:\xampp\htdocs\ReliableVerify\system\CodeIgniter.php(497): CodeIgniter\CodeIgniter->runController(Object(App\Controllers\Controllerclients))
#10 C:\xampp\htdocs\ReliableVerify\system\CodeIgniter.php(366): CodeIgniter\CodeIgniter->handleRequest(NULL, Object(Config\Cache), false)
#11 C:\xampp\htdocs\ReliableVerify\index.php(67): CodeIgniter\CodeIgniter->run()
#12 {main}
CRITICAL - 2023-10-28 09:47:33 --> Column 'id012' cannot be null
in SYSTEMPATH\Database\MySQLi\Connection.php on line 295.
 1 SYSTEMPATH\Database\MySQLi\Connection.php(295): mysqli->query('INSERT INTO `candidate_bgv_status` (`id012`, `status`) VALUES (NULL, \'Ongoing\')', 0)
 2 SYSTEMPATH\Database\BaseConnection.php(692): CodeIgniter\Database\MySQLi\Connection->execute('INSERT INTO `candidate_bgv_status` (`id012`, `status`) VALUES (NULL, \'Ongoing\')')
 3 SYSTEMPATH\Database\BaseConnection.php(606): CodeIgniter\Database\BaseConnection->simpleQuery('INSERT INTO `candidate_bgv_status` (`id012`, `status`) VALUES (NULL, \'Ongoing\')')
 4 SYSTEMPATH\Database\BaseBuilder.php(2309): CodeIgniter\Database\BaseConnection->query('INSERT INTO `candidate_bgv_status` (`id012`, `status`) VALUES (:id012:, :status:)', [...], false)
 5 SYSTEMPATH\Model.php(330): CodeIgniter\Database\BaseBuilder->insert()
 6 SYSTEMPATH\BaseModel.php(782): CodeIgniter\Model->doInsert([...])
 7 SYSTEMPATH\Model.php(730): CodeIgniter\BaseModel->insert([...], true)
 8 APPPATH\Controllers\Controllerclients.php(221): CodeIgniter\Model->insert([...])
 9 SYSTEMPATH\CodeIgniter.php(932): App\Controllers\Controllerclients->addclient()
10 SYSTEMPATH\CodeIgniter.php(497): CodeIgniter\CodeIgniter->runController(Object(App\Controllers\Controllerclients))
11 SYSTEMPATH\CodeIgniter.php(366): CodeIgniter\CodeIgniter->handleRequest(null, Object(Config\Cache), false)
12 FCPATH\index.php(67): CodeIgniter\CodeIgniter->run()
CRITICAL - 2023-10-28 10:25:40 --> syntax error, unexpected end of file, expecting elseif (T_ELSEIF) or else (T_ELSE) or endif (T_ENDIF)
in APPPATH\Views\bgv.php on line 559.
 1 SYSTEMPATH\View\View.php(227): CodeIgniter\View\View->CodeIgniter\View\{closure}()
 2 SYSTEMPATH\Common.php(1180): CodeIgniter\View\View->render('bgv', [], true)
 3 APPPATH\Controllers\BgvController.php(56): view('bgv', [...])
 4 SYSTEMPATH\CodeIgniter.php(932): App\Controllers\BgvController->backgroundVerify()
 5 SYSTEMPATH\CodeIgniter.php(497): CodeIgniter\CodeIgniter->runController(Object(App\Controllers\BgvController))
 6 SYSTEMPATH\CodeIgniter.php(366): CodeIgniter\CodeIgniter->handleRequest(null, Object(Config\Cache), false)
 7 FCPATH\index.php(67): CodeIgniter\CodeIgniter->run()
CRITICAL - 2023-10-28 10:26:19 --> syntax error, unexpected end of file, expecting elseif (T_ELSEIF) or else (T_ELSE) or endif (T_ENDIF)
in APPPATH\Views\bgv.php on line 559.
 1 SYSTEMPATH\View\View.php(227): CodeIgniter\View\View->CodeIgniter\View\{closure}()
 2 SYSTEMPATH\Common.php(1180): CodeIgniter\View\View->render('bgv', [], true)
 3 APPPATH\Controllers\BgvController.php(56): view('bgv', [...])
 4 SYSTEMPATH\CodeIgniter.php(932): App\Controllers\BgvController->backgroundVerify()
 5 SYSTEMPATH\CodeIgniter.php(497): CodeIgniter\CodeIgniter->runController(Object(App\Controllers\BgvController))
 6 SYSTEMPATH\CodeIgniter.php(366): CodeIgniter\CodeIgniter->handleRequest(null, Object(Config\Cache), false)
 7 FCPATH\index.php(67): CodeIgniter\CodeIgniter->run()
ERROR - 2023-10-28 11:57:00 --> mysqli_sql_exception: Duplicate column name 'id012' in C:\xampp\htdocs\ReliableVerify\system\Database\MySQLi\Connection.php:295
Stack trace:
#0 C:\xampp\htdocs\ReliableVerify\system\Database\MySQLi\Connection.php(295): mysqli->query('SELECT COUNT(*)...', 0)
#1 C:\xampp\htdocs\ReliableVerify\system\Database\BaseConnection.php(692): CodeIgniter\Database\MySQLi\Connection->execute('SELECT COUNT(*)...')
#2 C:\xampp\htdocs\ReliableVerify\system\Database\BaseConnection.php(606): CodeIgniter\Database\BaseConnection->simpleQuery('SELECT COUNT(*)...')
#3 C:\xampp\htdocs\ReliableVerify\system\Database\BaseBuilder.php(1700): CodeIgniter\Database\BaseConnection->query('SELECT COUNT(*)...', Array, false)
#4 C:\xampp\htdocs\ReliableVerify\system\Model.php(606): CodeIgniter\Database\BaseBuilder->countAllResults(false)
#5 C:\xampp\htdocs\ReliableVerify\system\BaseModel.php(1188): CodeIgniter\Model->countAllResults(false)
#6 C:\xampp\htdocs\ReliableVerify\app\Controllers\Controllerusers.php(136): CodeIgniter\BaseModel->paginate(10)
#7 C:\xampp\htdocs\ReliableVerify\system\CodeIgniter.php(932): App\Controllers\Controllerusers->empdash()
#8 C:\xampp\htdocs\ReliableVerify\system\CodeIgniter.php(497): CodeIgniter\CodeIgniter->runController(Object(App\Controllers\Controllerusers))
#9 C:\xampp\htdocs\ReliableVerify\system\CodeIgniter.php(366): CodeIgniter\CodeIgniter->handleRequest(NULL, Object(Config\Cache), false)
#10 C:\xampp\htdocs\ReliableVerify\index.php(67): CodeIgniter\CodeIgniter->run()
#11 {main}
CRITICAL - 2023-10-28 11:57:00 --> Duplicate column name 'id012'
in SYSTEMPATH\Database\MySQLi\Connection.php on line 295.
 1 SYSTEMPATH\Database\MySQLi\Connection.php(295): mysqli->query('SELECT COUNT(*) AS `numrows`
FROM (
SELECT DISTINCT *
FROM `clients011`
JOIN `bgv_report` ON `clients011`.`id012` = `bgv_report`.`id012`
WHERE `clients011`.`candidate_type` = \'New Vision Employee\'
AND `clients011`.`candidate_status` = \'Ongoing\'
) CI_count_all_results', 0)
 2 SYSTEMPATH\Database\BaseConnection.php(692): CodeIgniter\Database\MySQLi\Connection->execute('SELECT COUNT(*) AS `numrows`
FROM (
SELECT DISTINCT *
FROM `clients011`
JOIN `bgv_report` ON `clients011`.`id012` = `bgv_report`.`id012`
WHERE `clients011`.`candidate_type` = \'New Vision Employee\'
AND `clients011`.`candidate_status` = \'Ongoing\'
) CI_count_all_results')
 3 SYSTEMPATH\Database\BaseConnection.php(606): CodeIgniter\Database\BaseConnection->simpleQuery('SELECT COUNT(*) AS `numrows`
FROM (
SELECT DISTINCT *
FROM `clients011`
JOIN `bgv_report` ON `clients011`.`id012` = `bgv_report`.`id012`
WHERE `clients011`.`candidate_type` = \'New Vision Employee\'
AND `clients011`.`candidate_status` = \'Ongoing\'
) CI_count_all_results')
 4 SYSTEMPATH\Database\BaseBuilder.php(1700): CodeIgniter\Database\BaseConnection->query('SELECT COUNT(*) AS `numrows`
FROM (
SELECT DISTINCT *
FROM `clients011`
JOIN `bgv_report` ON `clients011`.`id012` = `bgv_report`.`id012`
WHERE `clients011`.`candidate_type` = :clients011.candidate_type:
AND `clients011`.`candidate_status` = :clients011.candidate_status:
) CI_count_all_results', [...], false)
 5 SYSTEMPATH\Model.php(606): CodeIgniter\Database\BaseBuilder->countAllResults(false)
 6 SYSTEMPATH\BaseModel.php(1188): CodeIgniter\Model->countAllResults(false)
 7 APPPATH\Controllers\Controllerusers.php(136): CodeIgniter\BaseModel->paginate(10)
 8 SYSTEMPATH\CodeIgniter.php(932): App\Controllers\Controllerusers->empdash()
 9 SYSTEMPATH\CodeIgniter.php(497): CodeIgniter\CodeIgniter->runController(Object(App\Controllers\Controllerusers))
10 SYSTEMPATH\CodeIgniter.php(366): CodeIgniter\CodeIgniter->handleRequest(null, Object(Config\Cache), false)
11 FCPATH\index.php(67): CodeIgniter\CodeIgniter->run()
ERROR - 2023-10-28 11:57:59 --> mysqli_sql_exception: Duplicate column name 'id012' in C:\xampp\htdocs\ReliableVerify\system\Database\MySQLi\Connection.php:295
Stack trace:
#0 C:\xampp\htdocs\ReliableVerify\system\Database\MySQLi\Connection.php(295): mysqli->query('SELECT COUNT(*)...', 0)
#1 C:\xampp\htdocs\ReliableVerify\system\Database\BaseConnection.php(692): CodeIgniter\Database\MySQLi\Connection->execute('SELECT COUNT(*)...')
#2 C:\xampp\htdocs\ReliableVerify\system\Database\BaseConnection.php(606): CodeIgniter\Database\BaseConnection->simpleQuery('SELECT COUNT(*)...')
#3 C:\xampp\htdocs\ReliableVerify\system\Database\BaseBuilder.php(1700): CodeIgniter\Database\BaseConnection->query('SELECT COUNT(*)...', Array, false)
#4 C:\xampp\htdocs\ReliableVerify\system\Model.php(606): CodeIgniter\Database\BaseBuilder->countAllResults(false)
#5 C:\xampp\htdocs\ReliableVerify\system\BaseModel.php(1188): CodeIgniter\Model->countAllResults(false)
#6 C:\xampp\htdocs\ReliableVerify\app\Controllers\Controllerusers.php(136): CodeIgniter\BaseModel->paginate(10)
#7 C:\xampp\htdocs\ReliableVerify\system\CodeIgniter.php(932): App\Controllers\Controllerusers->empdash()
#8 C:\xampp\htdocs\ReliableVerify\system\CodeIgniter.php(497): CodeIgniter\CodeIgniter->runController(Object(App\Controllers\Controllerusers))
#9 C:\xampp\htdocs\ReliableVerify\system\CodeIgniter.php(366): CodeIgniter\CodeIgniter->handleRequest(NULL, Object(Config\Cache), false)
#10 C:\xampp\htdocs\ReliableVerify\index.php(67): CodeIgniter\CodeIgniter->run()
#11 {main}
CRITICAL - 2023-10-28 11:57:59 --> Duplicate column name 'id012'
in SYSTEMPATH\Database\MySQLi\Connection.php on line 295.
 1 SYSTEMPATH\Database\MySQLi\Connection.php(295): mysqli->query('SELECT COUNT(*) AS `numrows`
FROM (
SELECT DISTINCT *
FROM `clients011`
JOIN `bgv_report` ON `clients011`.`id012` = `bgv_report`.`id012`
WHERE `clients011`.`candidate_type` = \'New Vision Employee\'
AND `clients011`.`candidate_status` = \'Ongoing\'
) CI_count_all_results', 0)
 2 SYSTEMPATH\Database\BaseConnection.php(692): CodeIgniter\Database\MySQLi\Connection->execute('SELECT COUNT(*) AS `numrows`
FROM (
SELECT DISTINCT *
FROM `clients011`
JOIN `bgv_report` ON `clients011`.`id012` = `bgv_report`.`id012`
WHERE `clients011`.`candidate_type` = \'New Vision Employee\'
AND `clients011`.`candidate_status` = \'Ongoing\'
) CI_count_all_results')
 3 SYSTEMPATH\Database\BaseConnection.php(606): CodeIgniter\Database\BaseConnection->simpleQuery('SELECT COUNT(*) AS `numrows`
FROM (
SELECT DISTINCT *
FROM `clients011`
JOIN `bgv_report` ON `clients011`.`id012` = `bgv_report`.`id012`
WHERE `clients011`.`candidate_type` = \'New Vision Employee\'
AND `clients011`.`candidate_status` = \'Ongoing\'
) CI_count_all_results')
 4 SYSTEMPATH\Database\BaseBuilder.php(1700): CodeIgniter\Database\BaseConnection->query('SELECT COUNT(*) AS `numrows`
FROM (
SELECT DISTINCT *
FROM `clients011`
JOIN `bgv_report` ON `clients011`.`id012` = `bgv_report`.`id012`
WHERE `clients011`.`candidate_type` = :clients011.candidate_type:
AND `clients011`.`candidate_status` = :clients011.candidate_status:
) CI_count_all_results', [...], false)
 5 SYSTEMPATH\Model.php(606): CodeIgniter\Database\BaseBuilder->countAllResults(false)
 6 SYSTEMPATH\BaseModel.php(1188): CodeIgniter\Model->countAllResults(false)
 7 APPPATH\Controllers\Controllerusers.php(136): CodeIgniter\BaseModel->paginate(10)
 8 SYSTEMPATH\CodeIgniter.php(932): App\Controllers\Controllerusers->empdash()
 9 SYSTEMPATH\CodeIgniter.php(497): CodeIgniter\CodeIgniter->runController(Object(App\Controllers\Controllerusers))
10 SYSTEMPATH\CodeIgniter.php(366): CodeIgniter\CodeIgniter->handleRequest(null, Object(Config\Cache), false)
11 FCPATH\index.php(67): CodeIgniter\CodeIgniter->run()
ERROR - 2023-10-28 11:59:04 --> mysqli_sql_exception: Duplicate column name 'id012' in C:\xampp\htdocs\ReliableVerify\system\Database\MySQLi\Connection.php:295
Stack trace:
#0 C:\xampp\htdocs\ReliableVerify\system\Database\MySQLi\Connection.php(295): mysqli->query('SELECT COUNT(*)...', 0)
#1 C:\xampp\htdocs\ReliableVerify\system\Database\BaseConnection.php(692): CodeIgniter\Database\MySQLi\Connection->execute('SELECT COUNT(*)...')
#2 C:\xampp\htdocs\ReliableVerify\system\Database\BaseConnection.php(606): CodeIgniter\Database\BaseConnection->simpleQuery('SELECT COUNT(*)...')
#3 C:\xampp\htdocs\ReliableVerify\system\Database\BaseBuilder.php(1700): CodeIgniter\Database\BaseConnection->query('SELECT COUNT(*)...', Array, false)
#4 C:\xampp\htdocs\ReliableVerify\system\Model.php(606): CodeIgniter\Database\BaseBuilder->countAllResults(false)
#5 C:\xampp\htdocs\ReliableVerify\system\BaseModel.php(1188): CodeIgniter\Model->countAllResults(false)
#6 C:\xampp\htdocs\ReliableVerify\app\Controllers\Controllerusers.php(136): CodeIgniter\BaseModel->paginate(10)
#7 C:\xampp\htdocs\ReliableVerify\system\CodeIgniter.php(932): App\Controllers\Controllerusers->empdash()
#8 C:\xampp\htdocs\ReliableVerify\system\CodeIgniter.php(497): CodeIgniter\CodeIgniter->runController(Object(App\Controllers\Controllerusers))
#9 C:\xampp\htdocs\ReliableVerify\system\CodeIgniter.php(366): CodeIgniter\CodeIgniter->handleRequest(NULL, Object(Config\Cache), false)
#10 C:\xampp\htdocs\ReliableVerify\index.php(67): CodeIgniter\CodeIgniter->run()
#11 {main}
CRITICAL - 2023-10-28 11:59:04 --> Duplicate column name 'id012'
in SYSTEMPATH\Database\MySQLi\Connection.php on line 295.
 1 SYSTEMPATH\Database\MySQLi\Connection.php(295): mysqli->query('SELECT COUNT(*) AS `numrows`
FROM (
SELECT *
FROM `clients011`
JOIN `bgv_report` ON `clients011`.`id012` = `bgv_report`.`id012`
WHERE `clients011`.`candidate_type` = \'New Vision Employee\'
AND `clients011`.`candidate_status` = \'Ongoing\'
GROUP BY `clients011`.`id012`
) CI_count_all_results', 0)
 2 SYSTEMPATH\Database\BaseConnection.php(692): CodeIgniter\Database\MySQLi\Connection->execute('SELECT COUNT(*) AS `numrows`
FROM (
SELECT *
FROM `clients011`
JOIN `bgv_report` ON `clients011`.`id012` = `bgv_report`.`id012`
WHERE `clients011`.`candidate_type` = \'New Vision Employee\'
AND `clients011`.`candidate_status` = \'Ongoing\'
GROUP BY `clients011`.`id012`
) CI_count_all_results')
 3 SYSTEMPATH\Database\BaseConnection.php(606): CodeIgniter\Database\BaseConnection->simpleQuery('SELECT COUNT(*) AS `numrows`
FROM (
SELECT *
FROM `clients011`
JOIN `bgv_report` ON `clients011`.`id012` = `bgv_report`.`id012`
WHERE `clients011`.`candidate_type` = \'New Vision Employee\'
AND `clients011`.`candidate_status` = \'Ongoing\'
GROUP BY `clients011`.`id012`
) CI_count_all_results')
 4 SYSTEMPATH\Database\BaseBuilder.php(1700): CodeIgniter\Database\BaseConnection->query('SELECT COUNT(*) AS `numrows`
FROM (
SELECT *
FROM `clients011`
JOIN `bgv_report` ON `clients011`.`id012` = `bgv_report`.`id012`
WHERE `clients011`.`candidate_type` = :clients011.candidate_type:
AND `clients011`.`candidate_status` = :clients011.candidate_status:
GROUP BY `clients011`.`id012`
) CI_count_all_results', [...], false)
 5 SYSTEMPATH\Model.php(606): CodeIgniter\Database\BaseBuilder->countAllResults(false)
 6 SYSTEMPATH\BaseModel.php(1188): CodeIgniter\Model->countAllResults(false)
 7 APPPATH\Controllers\Controllerusers.php(136): CodeIgniter\BaseModel->paginate(10)
 8 SYSTEMPATH\CodeIgniter.php(932): App\Controllers\Controllerusers->empdash()
 9 SYSTEMPATH\CodeIgniter.php(497): CodeIgniter\CodeIgniter->runController(Object(App\Controllers\Controllerusers))
10 SYSTEMPATH\CodeIgniter.php(366): CodeIgniter\CodeIgniter->handleRequest(null, Object(Config\Cache), false)
11 FCPATH\index.php(67): CodeIgniter\CodeIgniter->run()
ERROR - 2023-10-28 11:59:11 --> mysqli_sql_exception: Duplicate column name 'id012' in C:\xampp\htdocs\ReliableVerify\system\Database\MySQLi\Connection.php:295
Stack trace:
#0 C:\xampp\htdocs\ReliableVerify\system\Database\MySQLi\Connection.php(295): mysqli->query('SELECT COUNT(*)...', 0)
#1 C:\xampp\htdocs\ReliableVerify\system\Database\BaseConnection.php(692): CodeIgniter\Database\MySQLi\Connection->execute('SELECT COUNT(*)...')
#2 C:\xampp\htdocs\ReliableVerify\system\Database\BaseConnection.php(606): CodeIgniter\Database\BaseConnection->simpleQuery('SELECT COUNT(*)...')
#3 C:\xampp\htdocs\ReliableVerify\system\Database\BaseBuilder.php(1700): CodeIgniter\Database\BaseConnection->query('SELECT COUNT(*)...', Array, false)
#4 C:\xampp\htdocs\ReliableVerify\system\Model.php(606): CodeIgniter\Database\BaseBuilder->countAllResults(false)
#5 C:\xampp\htdocs\ReliableVerify\system\BaseModel.php(1188): CodeIgniter\Model->countAllResults(false)
#6 C:\xampp\htdocs\ReliableVerify\app\Controllers\Controllerusers.php(136): CodeIgniter\BaseModel->paginate(10)
#7 C:\xampp\htdocs\ReliableVerify\system\CodeIgniter.php(932): App\Controllers\Controllerusers->empdash()
#8 C:\xampp\htdocs\ReliableVerify\system\CodeIgniter.php(497): CodeIgniter\CodeIgniter->runController(Object(App\Controllers\Controllerusers))
#9 C:\xampp\htdocs\ReliableVerify\system\CodeIgniter.php(366): CodeIgniter\CodeIgniter->handleRequest(NULL, Object(Config\Cache), false)
#10 C:\xampp\htdocs\ReliableVerify\index.php(67): CodeIgniter\CodeIgniter->run()
#11 {main}
CRITICAL - 2023-10-28 11:59:11 --> Duplicate column name 'id012'
in SYSTEMPATH\Database\MySQLi\Connection.php on line 295.
 1 SYSTEMPATH\Database\MySQLi\Connection.php(295): mysqli->query('SELECT COUNT(*) AS `numrows`
FROM (
SELECT *
FROM `clients011`
JOIN `bgv_report` ON `clients011`.`id012` = `bgv_report`.`id012`
WHERE `clients011`.`candidate_type` = \'New Vision Employee\'
AND `clients011`.`candidate_status` = \'Ongoing\'
GROUP BY `clients011`.`id012`
) CI_count_all_results', 0)
 2 SYSTEMPATH\Database\BaseConnection.php(692): CodeIgniter\Database\MySQLi\Connection->execute('SELECT COUNT(*) AS `numrows`
FROM (
SELECT *
FROM `clients011`
JOIN `bgv_report` ON `clients011`.`id012` = `bgv_report`.`id012`
WHERE `clients011`.`candidate_type` = \'New Vision Employee\'
AND `clients011`.`candidate_status` = \'Ongoing\'
GROUP BY `clients011`.`id012`
) CI_count_all_results')
 3 SYSTEMPATH\Database\BaseConnection.php(606): CodeIgniter\Database\BaseConnection->simpleQuery('SELECT COUNT(*) AS `numrows`
FROM (
SELECT *
FROM `clients011`
JOIN `bgv_report` ON `clients011`.`id012` = `bgv_report`.`id012`
WHERE `clients011`.`candidate_type` = \'New Vision Employee\'
AND `clients011`.`candidate_status` = \'Ongoing\'
GROUP BY `clients011`.`id012`
) CI_count_all_results')
 4 SYSTEMPATH\Database\BaseBuilder.php(1700): CodeIgniter\Database\BaseConnection->query('SELECT COUNT(*) AS `numrows`
FROM (
SELECT *
FROM `clients011`
JOIN `bgv_report` ON `clients011`.`id012` = `bgv_report`.`id012`
WHERE `clients011`.`candidate_type` = :clients011.candidate_type:
AND `clients011`.`candidate_status` = :clients011.candidate_status:
GROUP BY `clients011`.`id012`
) CI_count_all_results', [...], false)
 5 SYSTEMPATH\Model.php(606): CodeIgniter\Database\BaseBuilder->countAllResults(false)
 6 SYSTEMPATH\BaseModel.php(1188): CodeIgniter\Model->countAllResults(false)
 7 APPPATH\Controllers\Controllerusers.php(136): CodeIgniter\BaseModel->paginate(10)
 8 SYSTEMPATH\CodeIgniter.php(932): App\Controllers\Controllerusers->empdash()
 9 SYSTEMPATH\CodeIgniter.php(497): CodeIgniter\CodeIgniter->runController(Object(App\Controllers\Controllerusers))
10 SYSTEMPATH\CodeIgniter.php(366): CodeIgniter\CodeIgniter->handleRequest(null, Object(Config\Cache), false)
11 FCPATH\index.php(67): CodeIgniter\CodeIgniter->run()
ERROR - 2023-10-28 11:59:18 --> mysqli_sql_exception: Duplicate column name 'id012' in C:\xampp\htdocs\ReliableVerify\system\Database\MySQLi\Connection.php:295
Stack trace:
#0 C:\xampp\htdocs\ReliableVerify\system\Database\MySQLi\Connection.php(295): mysqli->query('SELECT COUNT(*)...', 0)
#1 C:\xampp\htdocs\ReliableVerify\system\Database\BaseConnection.php(692): CodeIgniter\Database\MySQLi\Connection->execute('SELECT COUNT(*)...')
#2 C:\xampp\htdocs\ReliableVerify\system\Database\BaseConnection.php(606): CodeIgniter\Database\BaseConnection->simpleQuery('SELECT COUNT(*)...')
#3 C:\xampp\htdocs\ReliableVerify\system\Database\BaseBuilder.php(1700): CodeIgniter\Database\BaseConnection->query('SELECT COUNT(*)...', Array, false)
#4 C:\xampp\htdocs\ReliableVerify\system\Model.php(606): CodeIgniter\Database\BaseBuilder->countAllResults(false)
#5 C:\xampp\htdocs\ReliableVerify\system\BaseModel.php(1188): CodeIgniter\Model->countAllResults(false)
#6 C:\xampp\htdocs\ReliableVerify\app\Controllers\Controllerusers.php(136): CodeIgniter\BaseModel->paginate(10)
#7 C:\xampp\htdocs\ReliableVerify\system\CodeIgniter.php(932): App\Controllers\Controllerusers->empdash()
#8 C:\xampp\htdocs\ReliableVerify\system\CodeIgniter.php(497): CodeIgniter\CodeIgniter->runController(Object(App\Controllers\Controllerusers))
#9 C:\xampp\htdocs\ReliableVerify\system\CodeIgniter.php(366): CodeIgniter\CodeIgniter->handleRequest(NULL, Object(Config\Cache), false)
#10 C:\xampp\htdocs\ReliableVerify\index.php(67): CodeIgniter\CodeIgniter->run()
#11 {main}
CRITICAL - 2023-10-28 11:59:18 --> Duplicate column name 'id012'
in SYSTEMPATH\Database\MySQLi\Connection.php on line 295.
 1 SYSTEMPATH\Database\MySQLi\Connection.php(295): mysqli->query('SELECT COUNT(*) AS `numrows`
FROM (
SELECT *
FROM `clients011`
JOIN `bgv_report` ON `clients011`.`id012` = `bgv_report`.`id012`
WHERE `clients011`.`candidate_type` = \'New Vision Employee\'
AND `clients011`.`candidate_status` = \'Ongoing\'
GROUP BY `clients011`.`id012`
) CI_count_all_results', 0)
 2 SYSTEMPATH\Database\BaseConnection.php(692): CodeIgniter\Database\MySQLi\Connection->execute('SELECT COUNT(*) AS `numrows`
FROM (
SELECT *
FROM `clients011`
JOIN `bgv_report` ON `clients011`.`id012` = `bgv_report`.`id012`
WHERE `clients011`.`candidate_type` = \'New Vision Employee\'
AND `clients011`.`candidate_status` = \'Ongoing\'
GROUP BY `clients011`.`id012`
) CI_count_all_results')
 3 SYSTEMPATH\Database\BaseConnection.php(606): CodeIgniter\Database\BaseConnection->simpleQuery('SELECT COUNT(*) AS `numrows`
FROM (
SELECT *
FROM `clients011`
JOIN `bgv_report` ON `clients011`.`id012` = `bgv_report`.`id012`
WHERE `clients011`.`candidate_type` = \'New Vision Employee\'
AND `clients011`.`candidate_status` = \'Ongoing\'
GROUP BY `clients011`.`id012`
) CI_count_all_results')
 4 SYSTEMPATH\Database\BaseBuilder.php(1700): CodeIgniter\Database\BaseConnection->query('SELECT COUNT(*) AS `numrows`
FROM (
SELECT *
FROM `clients011`
JOIN `bgv_report` ON `clients011`.`id012` = `bgv_report`.`id012`
WHERE `clients011`.`candidate_type` = :clients011.candidate_type:
AND `clients011`.`candidate_status` = :clients011.candidate_status:
GROUP BY `clients011`.`id012`
) CI_count_all_results', [...], false)
 5 SYSTEMPATH\Model.php(606): CodeIgniter\Database\BaseBuilder->countAllResults(false)
 6 SYSTEMPATH\BaseModel.php(1188): CodeIgniter\Model->countAllResults(false)
 7 APPPATH\Controllers\Controllerusers.php(136): CodeIgniter\BaseModel->paginate(10)
 8 SYSTEMPATH\CodeIgniter.php(932): App\Controllers\Controllerusers->empdash()
 9 SYSTEMPATH\CodeIgniter.php(497): CodeIgniter\CodeIgniter->runController(Object(App\Controllers\Controllerusers))
10 SYSTEMPATH\CodeIgniter.php(366): CodeIgniter\CodeIgniter->handleRequest(null, Object(Config\Cache), false)
11 FCPATH\index.php(67): CodeIgniter\CodeIgniter->run()
ERROR - 2023-10-28 12:03:15 --> mysqli_sql_exception: Duplicate column name 'id012' in C:\xampp\htdocs\ReliableVerify\system\Database\MySQLi\Connection.php:295
Stack trace:
#0 C:\xampp\htdocs\ReliableVerify\system\Database\MySQLi\Connection.php(295): mysqli->query('SELECT COUNT(*)...', 0)
#1 C:\xampp\htdocs\ReliableVerify\system\Database\BaseConnection.php(692): CodeIgniter\Database\MySQLi\Connection->execute('SELECT COUNT(*)...')
#2 C:\xampp\htdocs\ReliableVerify\system\Database\BaseConnection.php(606): CodeIgniter\Database\BaseConnection->simpleQuery('SELECT COUNT(*)...')
#3 C:\xampp\htdocs\ReliableVerify\system\Database\BaseBuilder.php(1700): CodeIgniter\Database\BaseConnection->query('SELECT COUNT(*)...', Array, false)
#4 C:\xampp\htdocs\ReliableVerify\system\Model.php(606): CodeIgniter\Database\BaseBuilder->countAllResults(false)
#5 C:\xampp\htdocs\ReliableVerify\system\BaseModel.php(1188): CodeIgniter\Model->countAllResults(false)
#6 C:\xampp\htdocs\ReliableVerify\app\Controllers\Controllerusers.php(136): CodeIgniter\BaseModel->paginate(10)
#7 C:\xampp\htdocs\ReliableVerify\system\CodeIgniter.php(932): App\Controllers\Controllerusers->empdash()
#8 C:\xampp\htdocs\ReliableVerify\system\CodeIgniter.php(497): CodeIgniter\CodeIgniter->runController(Object(App\Controllers\Controllerusers))
#9 C:\xampp\htdocs\ReliableVerify\system\CodeIgniter.php(366): CodeIgniter\CodeIgniter->handleRequest(NULL, Object(Config\Cache), false)
#10 C:\xampp\htdocs\ReliableVerify\index.php(67): CodeIgniter\CodeIgniter->run()
#11 {main}
CRITICAL - 2023-10-28 12:03:15 --> Duplicate column name 'id012'
in SYSTEMPATH\Database\MySQLi\Connection.php on line 295.
 1 SYSTEMPATH\Database\MySQLi\Connection.php(295): mysqli->query('SELECT COUNT(*) AS `numrows`
FROM (
SELECT *
FROM `clients011`
JOIN `bgv_report` ON `clients011`.`id012` = `bgv_report`.`id012`
WHERE `clients011`.`candidate_type` = \'New Vision Employee\'
AND `clients011`.`candidate_status` = \'Ongoing\'
GROUP BY `clients011`.`id012`
) CI_count_all_results', 0)
 2 SYSTEMPATH\Database\BaseConnection.php(692): CodeIgniter\Database\MySQLi\Connection->execute('SELECT COUNT(*) AS `numrows`
FROM (
SELECT *
FROM `clients011`
JOIN `bgv_report` ON `clients011`.`id012` = `bgv_report`.`id012`
WHERE `clients011`.`candidate_type` = \'New Vision Employee\'
AND `clients011`.`candidate_status` = \'Ongoing\'
GROUP BY `clients011`.`id012`
) CI_count_all_results')
 3 SYSTEMPATH\Database\BaseConnection.php(606): CodeIgniter\Database\BaseConnection->simpleQuery('SELECT COUNT(*) AS `numrows`
FROM (
SELECT *
FROM `clients011`
JOIN `bgv_report` ON `clients011`.`id012` = `bgv_report`.`id012`
WHERE `clients011`.`candidate_type` = \'New Vision Employee\'
AND `clients011`.`candidate_status` = \'Ongoing\'
GROUP BY `clients011`.`id012`
) CI_count_all_results')
 4 SYSTEMPATH\Database\BaseBuilder.php(1700): CodeIgniter\Database\BaseConnection->query('SELECT COUNT(*) AS `numrows`
FROM (
SELECT *
FROM `clients011`
JOIN `bgv_report` ON `clients011`.`id012` = `bgv_report`.`id012`
WHERE `clients011`.`candidate_type` = :clients011.candidate_type:
AND `clients011`.`candidate_status` = :clients011.candidate_status:
GROUP BY `clients011`.`id012`
) CI_count_all_results', [...], false)
 5 SYSTEMPATH\Model.php(606): CodeIgniter\Database\BaseBuilder->countAllResults(false)
 6 SYSTEMPATH\BaseModel.php(1188): CodeIgniter\Model->countAllResults(false)
 7 APPPATH\Controllers\Controllerusers.php(136): CodeIgniter\BaseModel->paginate(10)
 8 SYSTEMPATH\CodeIgniter.php(932): App\Controllers\Controllerusers->empdash()
 9 SYSTEMPATH\CodeIgniter.php(497): CodeIgniter\CodeIgniter->runController(Object(App\Controllers\Controllerusers))
10 SYSTEMPATH\CodeIgniter.php(366): CodeIgniter\CodeIgniter->handleRequest(null, Object(Config\Cache), false)
11 FCPATH\index.php(67): CodeIgniter\CodeIgniter->run()
ERROR - 2023-10-28 12:03:26 --> mysqli_sql_exception: Duplicate column name 'id012' in C:\xampp\htdocs\ReliableVerify\system\Database\MySQLi\Connection.php:295
Stack trace:
#0 C:\xampp\htdocs\ReliableVerify\system\Database\MySQLi\Connection.php(295): mysqli->query('SELECT COUNT(*)...', 0)
#1 C:\xampp\htdocs\ReliableVerify\system\Database\BaseConnection.php(692): CodeIgniter\Database\MySQLi\Connection->execute('SELECT COUNT(*)...')
#2 C:\xampp\htdocs\ReliableVerify\system\Database\BaseConnection.php(606): CodeIgniter\Database\BaseConnection->simpleQuery('SELECT COUNT(*)...')
#3 C:\xampp\htdocs\ReliableVerify\system\Database\BaseBuilder.php(1700): CodeIgniter\Database\BaseConnection->query('SELECT COUNT(*)...', Array, false)
#4 C:\xampp\htdocs\ReliableVerify\system\Model.php(606): CodeIgniter\Database\BaseBuilder->countAllResults(false)
#5 C:\xampp\htdocs\ReliableVerify\system\BaseModel.php(1188): CodeIgniter\Model->countAllResults(false)
#6 C:\xampp\htdocs\ReliableVerify\app\Controllers\Controllerusers.php(136): CodeIgniter\BaseModel->paginate(10)
#7 C:\xampp\htdocs\ReliableVerify\system\CodeIgniter.php(932): App\Controllers\Controllerusers->empdash()
#8 C:\xampp\htdocs\ReliableVerify\system\CodeIgniter.php(497): CodeIgniter\CodeIgniter->runController(Object(App\Controllers\Controllerusers))
#9 C:\xampp\htdocs\ReliableVerify\system\CodeIgniter.php(366): CodeIgniter\CodeIgniter->handleRequest(NULL, Object(Config\Cache), false)
#10 C:\xampp\htdocs\ReliableVerify\index.php(67): CodeIgniter\CodeIgniter->run()
#11 {main}
CRITICAL - 2023-10-28 12:03:26 --> Duplicate column name 'id012'
in SYSTEMPATH\Database\MySQLi\Connection.php on line 295.
 1 SYSTEMPATH\Database\MySQLi\Connection.php(295): mysqli->query('SELECT COUNT(*) AS `numrows`
FROM (
SELECT *
FROM `clients011`
JOIN `bgv_report` ON `clients011`.`id012` = `bgv_report`.`id012`
WHERE `clients011`.`candidate_type` = \'New Vision Employee\'
AND `clients011`.`candidate_status` = \'Ongoing\'
GROUP BY `clients011`.`id012`
) CI_count_all_results', 0)
 2 SYSTEMPATH\Database\BaseConnection.php(692): CodeIgniter\Database\MySQLi\Connection->execute('SELECT COUNT(*) AS `numrows`
FROM (
SELECT *
FROM `clients011`
JOIN `bgv_report` ON `clients011`.`id012` = `bgv_report`.`id012`
WHERE `clients011`.`candidate_type` = \'New Vision Employee\'
AND `clients011`.`candidate_status` = \'Ongoing\'
GROUP BY `clients011`.`id012`
) CI_count_all_results')
 3 SYSTEMPATH\Database\BaseConnection.php(606): CodeIgniter\Database\BaseConnection->simpleQuery('SELECT COUNT(*) AS `numrows`
FROM (
SELECT *
FROM `clients011`
JOIN `bgv_report` ON `clients011`.`id012` = `bgv_report`.`id012`
WHERE `clients011`.`candidate_type` = \'New Vision Employee\'
AND `clients011`.`candidate_status` = \'Ongoing\'
GROUP BY `clients011`.`id012`
) CI_count_all_results')
 4 SYSTEMPATH\Database\BaseBuilder.php(1700): CodeIgniter\Database\BaseConnection->query('SELECT COUNT(*) AS `numrows`
FROM (
SELECT *
FROM `clients011`
JOIN `bgv_report` ON `clients011`.`id012` = `bgv_report`.`id012`
WHERE `clients011`.`candidate_type` = :clients011.candidate_type:
AND `clients011`.`candidate_status` = :clients011.candidate_status:
GROUP BY `clients011`.`id012`
) CI_count_all_results', [...], false)
 5 SYSTEMPATH\Model.php(606): CodeIgniter\Database\BaseBuilder->countAllResults(false)
 6 SYSTEMPATH\BaseModel.php(1188): CodeIgniter\Model->countAllResults(false)
 7 APPPATH\Controllers\Controllerusers.php(136): CodeIgniter\BaseModel->paginate(10)
 8 SYSTEMPATH\CodeIgniter.php(932): App\Controllers\Controllerusers->empdash()
 9 SYSTEMPATH\CodeIgniter.php(497): CodeIgniter\CodeIgniter->runController(Object(App\Controllers\Controllerusers))
10 SYSTEMPATH\CodeIgniter.php(366): CodeIgniter\CodeIgniter->handleRequest(null, Object(Config\Cache), false)
11 FCPATH\index.php(67): CodeIgniter\CodeIgniter->run()
ERROR - 2023-10-28 12:03:28 --> mysqli_sql_exception: Duplicate column name 'id012' in C:\xampp\htdocs\ReliableVerify\system\Database\MySQLi\Connection.php:295
Stack trace:
#0 C:\xampp\htdocs\ReliableVerify\system\Database\MySQLi\Connection.php(295): mysqli->query('SELECT COUNT(*)...', 0)
#1 C:\xampp\htdocs\ReliableVerify\system\Database\BaseConnection.php(692): CodeIgniter\Database\MySQLi\Connection->execute('SELECT COUNT(*)...')
#2 C:\xampp\htdocs\ReliableVerify\system\Database\BaseConnection.php(606): CodeIgniter\Database\BaseConnection->simpleQuery('SELECT COUNT(*)...')
#3 C:\xampp\htdocs\ReliableVerify\system\Database\BaseBuilder.php(1700): CodeIgniter\Database\BaseConnection->query('SELECT COUNT(*)...', Array, false)
#4 C:\xampp\htdocs\ReliableVerify\system\Model.php(606): CodeIgniter\Database\BaseBuilder->countAllResults(false)
#5 C:\xampp\htdocs\ReliableVerify\system\BaseModel.php(1188): CodeIgniter\Model->countAllResults(false)
#6 C:\xampp\htdocs\ReliableVerify\app\Controllers\Controllerusers.php(136): CodeIgniter\BaseModel->paginate(10)
#7 C:\xampp\htdocs\ReliableVerify\system\CodeIgniter.php(932): App\Controllers\Controllerusers->empdash()
#8 C:\xampp\htdocs\ReliableVerify\system\CodeIgniter.php(497): CodeIgniter\CodeIgniter->runController(Object(App\Controllers\Controllerusers))
#9 C:\xampp\htdocs\ReliableVerify\system\CodeIgniter.php(366): CodeIgniter\CodeIgniter->handleRequest(NULL, Object(Config\Cache), false)
#10 C:\xampp\htdocs\ReliableVerify\index.php(67): CodeIgniter\CodeIgniter->run()
#11 {main}
CRITICAL - 2023-10-28 12:03:28 --> Duplicate column name 'id012'
in SYSTEMPATH\Database\MySQLi\Connection.php on line 295.
 1 SYSTEMPATH\Database\MySQLi\Connection.php(295): mysqli->query('SELECT COUNT(*) AS `numrows`
FROM (
SELECT *
FROM `clients011`
JOIN `bgv_report` ON `clients011`.`id012` = `bgv_report`.`id012`
WHERE `clients011`.`candidate_type` = \'New Vision Employee\'
AND `clients011`.`candidate_status` = \'Ongoing\'
GROUP BY `clients011`.`id012`
) CI_count_all_results', 0)
 2 SYSTEMPATH\Database\BaseConnection.php(692): CodeIgniter\Database\MySQLi\Connection->execute('SELECT COUNT(*) AS `numrows`
FROM (
SELECT *
FROM `clients011`
JOIN `bgv_report` ON `clients011`.`id012` = `bgv_report`.`id012`
WHERE `clients011`.`candidate_type` = \'New Vision Employee\'
AND `clients011`.`candidate_status` = \'Ongoing\'
GROUP BY `clients011`.`id012`
) CI_count_all_results')
 3 SYSTEMPATH\Database\BaseConnection.php(606): CodeIgniter\Database\BaseConnection->simpleQuery('SELECT COUNT(*) AS `numrows`
FROM (
SELECT *
FROM `clients011`
JOIN `bgv_report` ON `clients011`.`id012` = `bgv_report`.`id012`
WHERE `clients011`.`candidate_type` = \'New Vision Employee\'
AND `clients011`.`candidate_status` = \'Ongoing\'
GROUP BY `clients011`.`id012`
) CI_count_all_results')
 4 SYSTEMPATH\Database\BaseBuilder.php(1700): CodeIgniter\Database\BaseConnection->query('SELECT COUNT(*) AS `numrows`
FROM (
SELECT *
FROM `clients011`
JOIN `bgv_report` ON `clients011`.`id012` = `bgv_report`.`id012`
WHERE `clients011`.`candidate_type` = :clients011.candidate_type:
AND `clients011`.`candidate_status` = :clients011.candidate_status:
GROUP BY `clients011`.`id012`
) CI_count_all_results', [...], false)
 5 SYSTEMPATH\Model.php(606): CodeIgniter\Database\BaseBuilder->countAllResults(false)
 6 SYSTEMPATH\BaseModel.php(1188): CodeIgniter\Model->countAllResults(false)
 7 APPPATH\Controllers\Controllerusers.php(136): CodeIgniter\BaseModel->paginate(10)
 8 SYSTEMPATH\CodeIgniter.php(932): App\Controllers\Controllerusers->empdash()
 9 SYSTEMPATH\CodeIgniter.php(497): CodeIgniter\CodeIgniter->runController(Object(App\Controllers\Controllerusers))
10 SYSTEMPATH\CodeIgniter.php(366): CodeIgniter\CodeIgniter->handleRequest(null, Object(Config\Cache), false)
11 FCPATH\index.php(67): CodeIgniter\CodeIgniter->run()
ERROR - 2023-10-28 12:03:35 --> mysqli_sql_exception: Duplicate column name 'id012' in C:\xampp\htdocs\ReliableVerify\system\Database\MySQLi\Connection.php:295
Stack trace:
#0 C:\xampp\htdocs\ReliableVerify\system\Database\MySQLi\Connection.php(295): mysqli->query('SELECT COUNT(*)...', 0)
#1 C:\xampp\htdocs\ReliableVerify\system\Database\BaseConnection.php(692): CodeIgniter\Database\MySQLi\Connection->execute('SELECT COUNT(*)...')
#2 C:\xampp\htdocs\ReliableVerify\system\Database\BaseConnection.php(606): CodeIgniter\Database\BaseConnection->simpleQuery('SELECT COUNT(*)...')
#3 C:\xampp\htdocs\ReliableVerify\system\Database\BaseBuilder.php(1700): CodeIgniter\Database\BaseConnection->query('SELECT COUNT(*)...', Array, false)
#4 C:\xampp\htdocs\ReliableVerify\system\Model.php(606): CodeIgniter\Database\BaseBuilder->countAllResults(false)
#5 C:\xampp\htdocs\ReliableVerify\system\BaseModel.php(1188): CodeIgniter\Model->countAllResults(false)
#6 C:\xampp\htdocs\ReliableVerify\app\Controllers\Controllerusers.php(136): CodeIgniter\BaseModel->paginate(10)
#7 C:\xampp\htdocs\ReliableVerify\system\CodeIgniter.php(932): App\Controllers\Controllerusers->empdash()
#8 C:\xampp\htdocs\ReliableVerify\system\CodeIgniter.php(497): CodeIgniter\CodeIgniter->runController(Object(App\Controllers\Controllerusers))
#9 C:\xampp\htdocs\ReliableVerify\system\CodeIgniter.php(366): CodeIgniter\CodeIgniter->handleRequest(NULL, Object(Config\Cache), false)
#10 C:\xampp\htdocs\ReliableVerify\index.php(67): CodeIgniter\CodeIgniter->run()
#11 {main}
CRITICAL - 2023-10-28 12:03:35 --> Duplicate column name 'id012'
in SYSTEMPATH\Database\MySQLi\Connection.php on line 295.
 1 SYSTEMPATH\Database\MySQLi\Connection.php(295): mysqli->query('SELECT COUNT(*) AS `numrows`
FROM (
SELECT *
FROM `clients011`
JOIN `bgv_report` ON `clients011`.`id012` = `bgv_report`.`id012`
WHERE `clients011`.`candidate_type` = \'New Vision Employee\'
AND `clients011`.`candidate_status` = \'Ongoing\'
GROUP BY `clients011`.`id012`
) CI_count_all_results', 0)
 2 SYSTEMPATH\Database\BaseConnection.php(692): CodeIgniter\Database\MySQLi\Connection->execute('SELECT COUNT(*) AS `numrows`
FROM (
SELECT *
FROM `clients011`
JOIN `bgv_report` ON `clients011`.`id012` = `bgv_report`.`id012`
WHERE `clients011`.`candidate_type` = \'New Vision Employee\'
AND `clients011`.`candidate_status` = \'Ongoing\'
GROUP BY `clients011`.`id012`
) CI_count_all_results')
 3 SYSTEMPATH\Database\BaseConnection.php(606): CodeIgniter\Database\BaseConnection->simpleQuery('SELECT COUNT(*) AS `numrows`
FROM (
SELECT *
FROM `clients011`
JOIN `bgv_report` ON `clients011`.`id012` = `bgv_report`.`id012`
WHERE `clients011`.`candidate_type` = \'New Vision Employee\'
AND `clients011`.`candidate_status` = \'Ongoing\'
GROUP BY `clients011`.`id012`
) CI_count_all_results')
 4 SYSTEMPATH\Database\BaseBuilder.php(1700): CodeIgniter\Database\BaseConnection->query('SELECT COUNT(*) AS `numrows`
FROM (
SELECT *
FROM `clients011`
JOIN `bgv_report` ON `clients011`.`id012` = `bgv_report`.`id012`
WHERE `clients011`.`candidate_type` = :clients011.candidate_type:
AND `clients011`.`candidate_status` = :clients011.candidate_status:
GROUP BY `clients011`.`id012`
) CI_count_all_results', [...], false)
 5 SYSTEMPATH\Model.php(606): CodeIgniter\Database\BaseBuilder->countAllResults(false)
 6 SYSTEMPATH\BaseModel.php(1188): CodeIgniter\Model->countAllResults(false)
 7 APPPATH\Controllers\Controllerusers.php(136): CodeIgniter\BaseModel->paginate(10)
 8 SYSTEMPATH\CodeIgniter.php(932): App\Controllers\Controllerusers->empdash()
 9 SYSTEMPATH\CodeIgniter.php(497): CodeIgniter\CodeIgniter->runController(Object(App\Controllers\Controllerusers))
10 SYSTEMPATH\CodeIgniter.php(366): CodeIgniter\CodeIgniter->handleRequest(null, Object(Config\Cache), false)
11 FCPATH\index.php(67): CodeIgniter\CodeIgniter->run()
ERROR - 2023-10-28 12:04:32 --> mysqli_sql_exception: Duplicate column name 'id012' in C:\xampp\htdocs\ReliableVerify\system\Database\MySQLi\Connection.php:295
Stack trace:
#0 C:\xampp\htdocs\ReliableVerify\system\Database\MySQLi\Connection.php(295): mysqli->query('SELECT COUNT(*)...', 0)
#1 C:\xampp\htdocs\ReliableVerify\system\Database\BaseConnection.php(692): CodeIgniter\Database\MySQLi\Connection->execute('SELECT COUNT(*)...')
#2 C:\xampp\htdocs\ReliableVerify\system\Database\BaseConnection.php(606): CodeIgniter\Database\BaseConnection->simpleQuery('SELECT COUNT(*)...')
#3 C:\xampp\htdocs\ReliableVerify\system\Database\BaseBuilder.php(1700): CodeIgniter\Database\BaseConnection->query('SELECT COUNT(*)...', Array, false)
#4 C:\xampp\htdocs\ReliableVerify\system\Model.php(606): CodeIgniter\Database\BaseBuilder->countAllResults(false)
#5 C:\xampp\htdocs\ReliableVerify\system\BaseModel.php(1188): CodeIgniter\Model->countAllResults(false)
#6 C:\xampp\htdocs\ReliableVerify\app\Controllers\Controllerusers.php(136): CodeIgniter\BaseModel->paginate(10)
#7 C:\xampp\htdocs\ReliableVerify\system\CodeIgniter.php(932): App\Controllers\Controllerusers->empdash()
#8 C:\xampp\htdocs\ReliableVerify\system\CodeIgniter.php(497): CodeIgniter\CodeIgniter->runController(Object(App\Controllers\Controllerusers))
#9 C:\xampp\htdocs\ReliableVerify\system\CodeIgniter.php(366): CodeIgniter\CodeIgniter->handleRequest(NULL, Object(Config\Cache), false)
#10 C:\xampp\htdocs\ReliableVerify\index.php(67): CodeIgniter\CodeIgniter->run()
#11 {main}
CRITICAL - 2023-10-28 12:04:32 --> Duplicate column name 'id012'
in SYSTEMPATH\Database\MySQLi\Connection.php on line 295.
 1 SYSTEMPATH\Database\MySQLi\Connection.php(295): mysqli->query('SELECT COUNT(*) AS `numrows`
FROM (
SELECT *
FROM `clients011`
JOIN `bgv_report` ON `clients011`.`id012` = `bgv_report`.`id012`
WHERE `clients011`.`candidate_type` = \'New Vision Employee\'
AND `clients011`.`candidate_status` = \'Ongoing\'
GROUP BY `clients011`.`id012`
) CI_count_all_results', 0)
 2 SYSTEMPATH\Database\BaseConnection.php(692): CodeIgniter\Database\MySQLi\Connection->execute('SELECT COUNT(*) AS `numrows`
FROM (
SELECT *
FROM `clients011`
JOIN `bgv_report` ON `clients011`.`id012` = `bgv_report`.`id012`
WHERE `clients011`.`candidate_type` = \'New Vision Employee\'
AND `clients011`.`candidate_status` = \'Ongoing\'
GROUP BY `clients011`.`id012`
) CI_count_all_results')
 3 SYSTEMPATH\Database\BaseConnection.php(606): CodeIgniter\Database\BaseConnection->simpleQuery('SELECT COUNT(*) AS `numrows`
FROM (
SELECT *
FROM `clients011`
JOIN `bgv_report` ON `clients011`.`id012` = `bgv_report`.`id012`
WHERE `clients011`.`candidate_type` = \'New Vision Employee\'
AND `clients011`.`candidate_status` = \'Ongoing\'
GROUP BY `clients011`.`id012`
) CI_count_all_results')
 4 SYSTEMPATH\Database\BaseBuilder.php(1700): CodeIgniter\Database\BaseConnection->query('SELECT COUNT(*) AS `numrows`
FROM (
SELECT *
FROM `clients011`
JOIN `bgv_report` ON `clients011`.`id012` = `bgv_report`.`id012`
WHERE `clients011`.`candidate_type` = :clients011.candidate_type:
AND `clients011`.`candidate_status` = :clients011.candidate_status:
GROUP BY `clients011`.`id012`
) CI_count_all_results', [...], false)
 5 SYSTEMPATH\Model.php(606): CodeIgniter\Database\BaseBuilder->countAllResults(false)
 6 SYSTEMPATH\BaseModel.php(1188): CodeIgniter\Model->countAllResults(false)
 7 APPPATH\Controllers\Controllerusers.php(136): CodeIgniter\BaseModel->paginate(10)
 8 SYSTEMPATH\CodeIgniter.php(932): App\Controllers\Controllerusers->empdash()
 9 SYSTEMPATH\CodeIgniter.php(497): CodeIgniter\CodeIgniter->runController(Object(App\Controllers\Controllerusers))
10 SYSTEMPATH\CodeIgniter.php(366): CodeIgniter\CodeIgniter->handleRequest(null, Object(Config\Cache), false)
11 FCPATH\index.php(67): CodeIgniter\CodeIgniter->run()
CRITICAL - 2023-10-28 12:16:33 --> The action you requested is not allowed.
in SYSTEMPATH\Security\Security.php on line 306.
 1 SYSTEMPATH\Security\Security.php(306): CodeIgniter\Security\Exceptions\SecurityException::forDisallowedAction()
 2 SYSTEMPATH\Filters\CSRF.php(55): CodeIgniter\Security\Security->verify(Object(CodeIgniter\HTTP\IncomingRequest))
 3 APPPATH\Filters\CustomCSRF.php(24): CodeIgniter\Filters\CSRF->before(Object(CodeIgniter\HTTP\IncomingRequest), null)
 4 SYSTEMPATH\Filters\Filters.php(173): App\Filters\CustomCSRF->before(Object(CodeIgniter\HTTP\IncomingRequest), null)
 5 SYSTEMPATH\CodeIgniter.php(471): CodeIgniter\Filters\Filters->run('/emp-dashboard', 'before')
 6 SYSTEMPATH\CodeIgniter.php(366): CodeIgniter\CodeIgniter->handleRequest(null, Object(Config\Cache), false)
 7 FCPATH\index.php(67): CodeIgniter\CodeIgniter->run()
CRITICAL - 2023-10-28 13:25:20 --> The action you requested is not allowed.
in SYSTEMPATH\Security\Security.php on line 306.
 1 SYSTEMPATH\Security\Security.php(306): CodeIgniter\Security\Exceptions\SecurityException::forDisallowedAction()
 2 SYSTEMPATH\Filters\CSRF.php(55): CodeIgniter\Security\Security->verify(Object(CodeIgniter\HTTP\IncomingRequest))
 3 APPPATH\Filters\CustomCSRF.php(24): CodeIgniter\Filters\CSRF->before(Object(CodeIgniter\HTTP\IncomingRequest), null)
 4 SYSTEMPATH\Filters\Filters.php(173): App\Filters\CustomCSRF->before(Object(CodeIgniter\HTTP\IncomingRequest), null)
 5 SYSTEMPATH\CodeIgniter.php(471): CodeIgniter\Filters\Filters->run('/emp-dashboard', 'before')
 6 SYSTEMPATH\CodeIgniter.php(366): CodeIgniter\CodeIgniter->handleRequest(null, Object(Config\Cache), false)
 7 FCPATH\index.php(67): CodeIgniter\CodeIgniter->run()
CRITICAL - 2023-10-28 13:31:10 --> count(): Parameter must be an array or an object that implements Countable
in APPPATH\Views\emp-dashboard-client-emp.php on line 160.
 1 APPPATH\Views\emp-dashboard-client-emp.php(160): CodeIgniter\Debug\Exceptions->errorHandler(2, 'count(): Parameter must be an array or an object that implements Countable', 'C:\\xampp\\htdocs\\ReliableVerify\\app\\Views\\emp-dashboard-client-emp.php', 160, [...])
 2 SYSTEMPATH\View\View.php(224): include('C:\\xampp\\htdocs\\ReliableVerify\\app\\Views\\emp-dashboard-client-emp.php')
 3 SYSTEMPATH\View\View.php(227): CodeIgniter\View\View->CodeIgniter\View\{closure}()
 4 SYSTEMPATH\Common.php(1180): CodeIgniter\View\View->render('emp-dashboard-client-emp', [], true)
 5 APPPATH\Controllers\Controllerusers.php(158): view('emp-dashboard-client-emp', [...])
 6 SYSTEMPATH\CodeIgniter.php(932): App\Controllers\Controllerusers->empdashClient()
 7 SYSTEMPATH\CodeIgniter.php(497): CodeIgniter\CodeIgniter->runController(Object(App\Controllers\Controllerusers))
 8 SYSTEMPATH\CodeIgniter.php(366): CodeIgniter\CodeIgniter->handleRequest(null, Object(Config\Cache), false)
 9 FCPATH\index.php(67): CodeIgniter\CodeIgniter->run()
CRITICAL - 2023-10-28 13:35:34 --> The action you requested is not allowed.
in SYSTEMPATH\Security\Security.php on line 306.
 1 SYSTEMPATH\Security\Security.php(306): CodeIgniter\Security\Exceptions\SecurityException::forDisallowedAction()
 2 SYSTEMPATH\Filters\CSRF.php(55): CodeIgniter\Security\Security->verify(Object(CodeIgniter\HTTP\IncomingRequest))
 3 APPPATH\Filters\CustomCSRF.php(24): CodeIgniter\Filters\CSRF->before(Object(CodeIgniter\HTTP\IncomingRequest), null)
 4 SYSTEMPATH\Filters\Filters.php(173): App\Filters\CustomCSRF->before(Object(CodeIgniter\HTTP\IncomingRequest), null)
 5 SYSTEMPATH\CodeIgniter.php(471): CodeIgniter\Filters\Filters->run('/emp-dashboard-client-emp', 'before')
 6 SYSTEMPATH\CodeIgniter.php(366): CodeIgniter\CodeIgniter->handleRequest(null, Object(Config\Cache), false)
 7 FCPATH\index.php(67): CodeIgniter\CodeIgniter->run()
CRITICAL - 2023-10-28 13:36:53 --> The action you requested is not allowed.
in SYSTEMPATH\Security\Security.php on line 306.
 1 SYSTEMPATH\Security\Security.php(306): CodeIgniter\Security\Exceptions\SecurityException::forDisallowedAction()
 2 SYSTEMPATH\Filters\CSRF.php(55): CodeIgniter\Security\Security->verify(Object(CodeIgniter\HTTP\IncomingRequest))
 3 APPPATH\Filters\CustomCSRF.php(24): CodeIgniter\Filters\CSRF->before(Object(CodeIgniter\HTTP\IncomingRequest), null)
 4 SYSTEMPATH\Filters\Filters.php(173): App\Filters\CustomCSRF->before(Object(CodeIgniter\HTTP\IncomingRequest), null)
 5 SYSTEMPATH\CodeIgniter.php(471): CodeIgniter\Filters\Filters->run('/emp-dashboard-client-emp', 'before')
 6 SYSTEMPATH\CodeIgniter.php(366): CodeIgniter\CodeIgniter->handleRequest(null, Object(Config\Cache), false)
 7 FCPATH\index.php(67): CodeIgniter\CodeIgniter->run()
CRITICAL - 2023-10-28 13:57:14 --> The action you requested is not allowed.
in SYSTEMPATH\Security\Security.php on line 306.
 1 SYSTEMPATH\Security\Security.php(306): CodeIgniter\Security\Exceptions\SecurityException::forDisallowedAction()
 2 SYSTEMPATH\Filters\CSRF.php(55): CodeIgniter\Security\Security->verify(Object(CodeIgniter\HTTP\IncomingRequest))
 3 APPPATH\Filters\CustomCSRF.php(24): CodeIgniter\Filters\CSRF->before(Object(CodeIgniter\HTTP\IncomingRequest), null)
 4 SYSTEMPATH\Filters\Filters.php(173): App\Filters\CustomCSRF->before(Object(CodeIgniter\HTTP\IncomingRequest), null)
 5 SYSTEMPATH\CodeIgniter.php(471): CodeIgniter\Filters\Filters->run('/emp-dashboard-client-emp', 'before')
 6 SYSTEMPATH\CodeIgniter.php(366): CodeIgniter\CodeIgniter->handleRequest(null, Object(Config\Cache), false)
 7 FCPATH\index.php(67): CodeIgniter\CodeIgniter->run()
CRITICAL - 2023-10-28 14:43:14 --> The action you requested is not allowed.
in SYSTEMPATH\Security\Security.php on line 306.
 1 SYSTEMPATH\Security\Security.php(306): CodeIgniter\Security\Exceptions\SecurityException::forDisallowedAction()
 2 SYSTEMPATH\Filters\CSRF.php(55): CodeIgniter\Security\Security->verify(Object(CodeIgniter\HTTP\IncomingRequest))
 3 APPPATH\Filters\CustomCSRF.php(24): CodeIgniter\Filters\CSRF->before(Object(CodeIgniter\HTTP\IncomingRequest), null)
 4 SYSTEMPATH\Filters\Filters.php(173): App\Filters\CustomCSRF->before(Object(CodeIgniter\HTTP\IncomingRequest), null)
 5 SYSTEMPATH\CodeIgniter.php(471): CodeIgniter\Filters\Filters->run('/users-new-vision-emp', 'before')
 6 SYSTEMPATH\CodeIgniter.php(366): CodeIgniter\CodeIgniter->handleRequest(null, Object(Config\Cache), false)
 7 FCPATH\index.php(67): CodeIgniter\CodeIgniter->run()
CRITICAL - 2023-10-28 14:47:53 --> count(): Parameter must be an array or an object that implements Countable
in APPPATH\Views\users-client-emp.php on line 218.
 1 APPPATH\Views\users-client-emp.php(218): CodeIgniter\Debug\Exceptions->errorHandler(2, 'count(): Parameter must be an array or an object that implements Countable', 'C:\\xampp\\htdocs\\ReliableVerify\\app\\Views\\users-client-emp.php', 218, [...])
 2 SYSTEMPATH\View\View.php(224): include('C:\\xampp\\htdocs\\ReliableVerify\\app\\Views\\users-client-emp.php')
 3 SYSTEMPATH\View\View.php(227): CodeIgniter\View\View->CodeIgniter\View\{closure}()
 4 SYSTEMPATH\Common.php(1180): CodeIgniter\View\View->render('users-client-emp', [], true)
 5 APPPATH\Controllers\Controllerusers.php(72): view('users-client-emp', [...])
 6 SYSTEMPATH\CodeIgniter.php(932): App\Controllers\Controllerusers->usersClientEmp()
 7 SYSTEMPATH\CodeIgniter.php(497): CodeIgniter\CodeIgniter->runController(Object(App\Controllers\Controllerusers))
 8 SYSTEMPATH\CodeIgniter.php(366): CodeIgniter\CodeIgniter->handleRequest(null, Object(Config\Cache), false)
 9 FCPATH\index.php(67): CodeIgniter\CodeIgniter->run()
CRITICAL - 2023-10-28 14:49:14 --> count(): Parameter must be an array or an object that implements Countable
in APPPATH\Views\users-client-emp.php on line 218.
 1 APPPATH\Views\users-client-emp.php(218): CodeIgniter\Debug\Exceptions->errorHandler(2, 'count(): Parameter must be an array or an object that implements Countable', 'C:\\xampp\\htdocs\\ReliableVerify\\app\\Views\\users-client-emp.php', 218, [...])
 2 SYSTEMPATH\View\View.php(224): include('C:\\xampp\\htdocs\\ReliableVerify\\app\\Views\\users-client-emp.php')
 3 SYSTEMPATH\View\View.php(227): CodeIgniter\View\View->CodeIgniter\View\{closure}()
 4 SYSTEMPATH\Common.php(1180): CodeIgniter\View\View->render('users-client-emp', [], true)
 5 APPPATH\Controllers\Controllerusers.php(74): view('users-client-emp', [...])
 6 SYSTEMPATH\CodeIgniter.php(932): App\Controllers\Controllerusers->usersClientEmp()
 7 SYSTEMPATH\CodeIgniter.php(497): CodeIgniter\CodeIgniter->runController(Object(App\Controllers\Controllerusers))
 8 SYSTEMPATH\CodeIgniter.php(366): CodeIgniter\CodeIgniter->handleRequest(null, Object(Config\Cache), false)
 9 FCPATH\index.php(67): CodeIgniter\CodeIgniter->run()
CRITICAL - 2023-10-28 15:28:18 --> The action you requested is not allowed.
in SYSTEMPATH\Security\Security.php on line 306.
 1 SYSTEMPATH\Security\Security.php(306): CodeIgniter\Security\Exceptions\SecurityException::forDisallowedAction()
 2 SYSTEMPATH\Filters\CSRF.php(55): CodeIgniter\Security\Security->verify(Object(CodeIgniter\HTTP\IncomingRequest))
 3 APPPATH\Filters\CustomCSRF.php(24): CodeIgniter\Filters\CSRF->before(Object(CodeIgniter\HTTP\IncomingRequest), null)
 4 SYSTEMPATH\Filters\Filters.php(173): App\Filters\CustomCSRF->before(Object(CodeIgniter\HTTP\IncomingRequest), null)
 5 SYSTEMPATH\CodeIgniter.php(471): CodeIgniter\Filters\Filters->run('/candidate-info', 'before')
 6 SYSTEMPATH\CodeIgniter.php(366): CodeIgniter\CodeIgniter->handleRequest(null, Object(Config\Cache), false)
 7 FCPATH\index.php(67): CodeIgniter\CodeIgniter->run()
CRITICAL - 2023-10-28 15:28:20 --> The action you requested is not allowed.
in SYSTEMPATH\Security\Security.php on line 306.
 1 SYSTEMPATH\Security\Security.php(306): CodeIgniter\Security\Exceptions\SecurityException::forDisallowedAction()
 2 SYSTEMPATH\Filters\CSRF.php(55): CodeIgniter\Security\Security->verify(Object(CodeIgniter\HTTP\IncomingRequest))
 3 APPPATH\Filters\CustomCSRF.php(24): CodeIgniter\Filters\CSRF->before(Object(CodeIgniter\HTTP\IncomingRequest), null)
 4 SYSTEMPATH\Filters\Filters.php(173): App\Filters\CustomCSRF->before(Object(CodeIgniter\HTTP\IncomingRequest), null)
 5 SYSTEMPATH\CodeIgniter.php(471): CodeIgniter\Filters\Filters->run('/candidate-info', 'before')
 6 SYSTEMPATH\CodeIgniter.php(366): CodeIgniter\CodeIgniter->handleRequest(null, Object(Config\Cache), false)
 7 FCPATH\index.php(67): CodeIgniter\CodeIgniter->run()
