CRITICAL - 2024-04-25 07:34:14 --> The action you requested is not allowed.
in SYSTEMPATH/Security/Security.php on line 306.
 1 SYSTEMPATH/Security/Security.php(306): CodeIgniter\Security\Exceptions\SecurityException::forDisallowedAction()
 2 SYSTEMPATH/Filters/CSRF.php(55): CodeIgniter\Security\Security->verify()
 3 APPPATH/Filters/CustomCSRF.php(24): CodeIgniter\Filters\CSRF->before()
 4 SYSTEMPATH/Filters/Filters.php(173): App\Filters\CustomCSRF->before()
 5 SYSTEMPATH/CodeIgniter.php(471): CodeIgniter\Filters\Filters->run()
 6 SYSTEMPATH/CodeIgniter.php(366): CodeIgniter\CodeIgniter->handleRequest()
 7 FCPATH/index.php(67): CodeIgniter\CodeIgniter->run()
CRITICAL - 2024-04-25 07:34:29 --> The action you requested is not allowed.
in SYSTEMPATH/Security/Security.php on line 306.
 1 SYSTEMPATH/Security/Security.php(306): CodeIgniter\Security\Exceptions\SecurityException::forDisallowedAction()
 2 SYSTEMPATH/Filters/CSRF.php(55): CodeIgniter\Security\Security->verify()
 3 APPPATH/Filters/CustomCSRF.php(24): CodeIgniter\Filters\CSRF->before()
 4 SYSTEMPATH/Filters/Filters.php(173): App\Filters\CustomCSRF->before()
 5 SYSTEMPATH/CodeIgniter.php(471): CodeIgniter\Filters\Filters->run()
 6 SYSTEMPATH/CodeIgniter.php(366): CodeIgniter\CodeIgniter->handleRequest()
 7 FCPATH/index.php(67): CodeIgniter\CodeIgniter->run()
CRITICAL - 2024-04-25 13:09:46 --> The action you requested is not allowed.
in SYSTEMPATH/Security/Security.php on line 306.
 1 SYSTEMPATH/Security/Security.php(306): CodeIgniter\Security\Exceptions\SecurityException::forDisallowedAction()
 2 SYSTEMPATH/Filters/CSRF.php(55): CodeIgniter\Security\Security->verify()
 3 APPPATH/Filters/CustomCSRF.php(24): CodeIgniter\Filters\CSRF->before()
 4 SYSTEMPATH/Filters/Filters.php(173): App\Filters\CustomCSRF->before()
 5 SYSTEMPATH/CodeIgniter.php(471): CodeIgniter\Filters\Filters->run()
 6 SYSTEMPATH/CodeIgniter.php(366): CodeIgniter\CodeIgniter->handleRequest()
 7 FCPATH/index.php(67): CodeIgniter\CodeIgniter->run()
