ERROR - 2023-11-14 09:23:55 --> Email: Unable to send email using SMTP. Your server might not be configured to send mail using this method.
ERROR - 2023-11-14 09:23:55 --> 220 smtp.gmail.com ESMTP x10-20020a056a00270a00b006c6f668c90bsm806872pfv.134 - gsmtp

hello: 250-smtp.gmail.com at your service, [103.66.5.160]
250-SIZE 35882577
250-8BITMIME
250-STARTTLS
250-ENHANCEDSTATUSCODES
250-PIPELINING
250-CHUNKING
250 SMTPUTF8

starttls: 220 2.0.0 Ready to start TLS

hello: 250-smtp.gmail.com at your service, [103.66.5.160]
250-SIZE 35882577
250-8BITMIME
250-AUTH LOGIN PLAIN XOAUTH2 PLAIN-CLIENTTOKEN OAUTHBEARER XOAUTH
250-ENHANCEDSTATUSCODES
250-PIPELINING
250-CHUNKING
250 SMTPUTF8

Failed to authenticate password. Error: 535-5.7.8 Username and Password not accepted. Learn more at
535 5.7.8  https://support.google.com/mail/?p=BadCredentials x10-20020a056a00270a00b006c6f668c90bsm806872pfv.134 - gsmtp

