ERROR - 2023-11-24 04:50:52 --> Email: sendWithSmtp throwed ErrorException: fsockopen(): php_network_getaddresses: getaddrinfo failed: No such host is known.  in C:\xampp\htdocs\ReliableVerify\system\Email\Email.php:1868
Stack trace:
#0 [internal function]: CodeIgniter\Debug\Exceptions->errorHandler(2, 'fsockopen(): ph...', 'C:\\xampp\\htdocs...', 1868, Array)
#1 C:\xampp\htdocs\ReliableVerify\system\Email\Email.php(1868): fsockopen('smtp.gmail.com', 587, 0, 'php_network_get...', 5)
#2 C:\xampp\htdocs\ReliableVerify\system\Email\Email.php(1782): CodeIgniter\Email\Email->SMTPConnect()
#3 C:\xampp\htdocs\ReliableVerify\system\Email\Email.php(1667): CodeIgniter\Email\Email->sendWithSmtp()
#4 C:\xampp\htdocs\ReliableVerify\system\Email\Email.php(1565): CodeIgniter\Email\Email->spoolEmail()
#5 C:\xampp\htdocs\ReliableVerify\app\Controllers\Controllerclients.php(336): CodeIgniter\Email\Email->send()
#6 C:\xampp\htdocs\ReliableVerify\system\CodeIgniter.php(932): App\Controllers\Controllerclients->send()
#7 C:\xampp\htdocs\ReliableVerify\system\CodeIgniter.php(497): CodeIgniter\CodeIgniter->runController(Object(App\Controllers\Controllerclients))
#8 C:\xampp\htdocs\ReliableVerify\system\CodeIgniter.php(366): CodeIgniter\CodeIgniter->handleRequest(NULL, Object(Config\Cache), false)
#9 C:\xampp\htdocs\ReliableVerify\index.php(67): CodeIgniter\CodeIgniter->run()
#10 {main}
ERROR - 2023-11-24 04:50:52 --> Email: Unable to send email using SMTP. Your server might not be configured to send mail using this method.
ERROR - 2023-11-24 04:50:52 --> 
CRITICAL - 2023-11-24 10:51:35 --> whereNotIn() expects $values to be of type array or closure
in SYSTEMPATH\Database\BaseBuilder.php on line 940.
 1 SYSTEMPATH\Database\BaseBuilder.php(853): CodeIgniter\Database\BaseBuilder->_whereIn('clients011.id012', 'candidate_sign.id012', true, 'AND ', null)
 2 APPPATH\Models\ClientModel.php(63): CodeIgniter\Database\BaseBuilder->whereNotIn('clients011.id012', 'candidate_sign.id012')
 3 APPPATH\Controllers\Controllerusers.php(54): App\Models\ClientModel->usersNewVisionEmp3('', '', '')
 4 SYSTEMPATH\CodeIgniter.php(932): App\Controllers\Controllerusers->usersNewVisionEmp()
 5 SYSTEMPATH\CodeIgniter.php(497): CodeIgniter\CodeIgniter->runController(Object(App\Controllers\Controllerusers))
 6 SYSTEMPATH\CodeIgniter.php(366): CodeIgniter\CodeIgniter->handleRequest(null, Object(Config\Cache), false)
 7 FCPATH\index.php(67): CodeIgniter\CodeIgniter->run()
CRITICAL - 2023-11-24 12:01:40 --> count(): Parameter must be an array or an object that implements Countable
in APPPATH\Views\emp-dashboard-client-emp.php on line 196.
 1 APPPATH\Views\emp-dashboard-client-emp.php(196): CodeIgniter\Debug\Exceptions->errorHandler(2, 'count(): Parameter must be an array or an object that implements Countable', 'C:\\xampp\\htdocs\\ReliableVerify\\app\\Views\\emp-dashboard-client-emp.php', 196, [...])
 2 SYSTEMPATH\View\View.php(224): include('C:\\xampp\\htdocs\\ReliableVerify\\app\\Views\\emp-dashboard-client-emp.php')
 3 SYSTEMPATH\View\View.php(227): CodeIgniter\View\View->CodeIgniter\View\{closure}()
 4 SYSTEMPATH\Common.php(1180): CodeIgniter\View\View->render('emp-dashboard-client-emp', [], true)
 5 APPPATH\Controllers\Controllerusers.php(137): view('emp-dashboard-client-emp', [...])
 6 SYSTEMPATH\CodeIgniter.php(932): App\Controllers\Controllerusers->empdashClient()
 7 SYSTEMPATH\CodeIgniter.php(497): CodeIgniter\CodeIgniter->runController(Object(App\Controllers\Controllerusers))
 8 SYSTEMPATH\CodeIgniter.php(366): CodeIgniter\CodeIgniter->handleRequest(null, Object(Config\Cache), false)
 9 FCPATH\index.php(67): CodeIgniter\CodeIgniter->run()
CRITICAL - 2023-11-24 12:01:58 --> The action you requested is not allowed.
in SYSTEMPATH\Security\Security.php on line 306.
 1 SYSTEMPATH\Security\Security.php(306): CodeIgniter\Security\Exceptions\SecurityException::forDisallowedAction()
 2 SYSTEMPATH\Filters\CSRF.php(55): CodeIgniter\Security\Security->verify(Object(CodeIgniter\HTTP\IncomingRequest))
 3 APPPATH\Filters\CustomCSRF.php(24): CodeIgniter\Filters\CSRF->before(Object(CodeIgniter\HTTP\IncomingRequest), null)
 4 SYSTEMPATH\Filters\Filters.php(173): App\Filters\CustomCSRF->before(Object(CodeIgniter\HTTP\IncomingRequest), null)
 5 SYSTEMPATH\CodeIgniter.php(471): CodeIgniter\Filters\Filters->run('/emp-dashboard', 'before')
 6 SYSTEMPATH\CodeIgniter.php(366): CodeIgniter\CodeIgniter->handleRequest(null, Object(Config\Cache), false)
 7 FCPATH\index.php(67): CodeIgniter\CodeIgniter->run()
CRITICAL - 2023-11-24 12:02:02 --> The action you requested is not allowed.
in SYSTEMPATH\Security\Security.php on line 306.
 1 SYSTEMPATH\Security\Security.php(306): CodeIgniter\Security\Exceptions\SecurityException::forDisallowedAction()
 2 SYSTEMPATH\Filters\CSRF.php(55): CodeIgniter\Security\Security->verify(Object(CodeIgniter\HTTP\IncomingRequest))
 3 APPPATH\Filters\CustomCSRF.php(24): CodeIgniter\Filters\CSRF->before(Object(CodeIgniter\HTTP\IncomingRequest), null)
 4 SYSTEMPATH\Filters\Filters.php(173): App\Filters\CustomCSRF->before(Object(CodeIgniter\HTTP\IncomingRequest), null)
 5 SYSTEMPATH\CodeIgniter.php(471): CodeIgniter\Filters\Filters->run('/emp-dashboard', 'before')
 6 SYSTEMPATH\CodeIgniter.php(366): CodeIgniter\CodeIgniter->handleRequest(null, Object(Config\Cache), false)
 7 FCPATH\index.php(67): CodeIgniter\CodeIgniter->run()
CRITICAL - 2023-11-24 12:02:18 --> count(): Parameter must be an array or an object that implements Countable
in APPPATH\Views\emp-dashboard-client-emp.php on line 196.
 1 APPPATH\Views\emp-dashboard-client-emp.php(196): CodeIgniter\Debug\Exceptions->errorHandler(2, 'count(): Parameter must be an array or an object that implements Countable', 'C:\\xampp\\htdocs\\ReliableVerify\\app\\Views\\emp-dashboard-client-emp.php', 196, [...])
 2 SYSTEMPATH\View\View.php(224): include('C:\\xampp\\htdocs\\ReliableVerify\\app\\Views\\emp-dashboard-client-emp.php')
 3 SYSTEMPATH\View\View.php(227): CodeIgniter\View\View->CodeIgniter\View\{closure}()
 4 SYSTEMPATH\Common.php(1180): CodeIgniter\View\View->render('emp-dashboard-client-emp', [], true)
 5 APPPATH\Controllers\Controllerusers.php(137): view('emp-dashboard-client-emp', [...])
 6 SYSTEMPATH\CodeIgniter.php(932): App\Controllers\Controllerusers->empdashClient()
 7 SYSTEMPATH\CodeIgniter.php(497): CodeIgniter\CodeIgniter->runController(Object(App\Controllers\Controllerusers))
 8 SYSTEMPATH\CodeIgniter.php(366): CodeIgniter\CodeIgniter->handleRequest(null, Object(Config\Cache), false)
 9 FCPATH\index.php(67): CodeIgniter\CodeIgniter->run()
ERROR - 2023-11-24 12:23:46 --> Email: Unable to send email using SMTP. Your server might not be configured to send mail using this method.
ERROR - 2023-11-24 12:23:46 --> 220 smtp.gmail.com ESMTP be10-20020a170902aa0a00b001bc2831e1a8sm3050406plb.80 - gsmtp

hello: 250-smtp.gmail.com at your service, [2401:4900:1c8f:49fc:557c:c8c5:3ea7:cf61]
250-SIZE 35882577
250-8BITMIME
250-STARTTLS
250-ENHANCEDSTATUSCODES
250-PIPELINING
250-CHUNKING
250 SMTPUTF8

starttls: 220 2.0.0 Ready to start TLS

hello: 250-smtp.gmail.com at your service, [2401:4900:1c8f:49fc:557c:c8c5:3ea7:cf61]
250-SIZE 35882577
250-8BITMIME
250-AUTH LOGIN PLAIN XOAUTH2 PLAIN-CLIENTTOKEN OAUTHBEARER XOAUTH
250-ENHANCEDSTATUSCODES
250-PIPELINING
250-CHUNKING
250 SMTPUTF8

from: 250 2.1.0 OK be10-20020a170902aa0a00b001bc2831e1a8sm3050406plb.80 - gsmtp

to: 250 2.1.5 OK be10-20020a170902aa0a00b001bc2831e1a8sm3050406plb.80 - gsmtp

to: 250 2.1.5 OK be10-20020a170902aa0a00b001bc2831e1a8sm3050406plb.80 - gsmtp

to: 250 2.1.5 OK be10-20020a170902aa0a00b001bc2831e1a8sm3050406plb.80 - gsmtp

to: 250 2.1.5 OK be10-20020a170902aa0a00b001bc2831e1a8sm3050406plb.80 - gsmtp

data: 354  Go ahead be10-20020a170902aa0a00b001bc2831e1a8sm3050406plb.80 - gsmtp


quit: 250 2.0.0 OK  1700828772 be10-20020a170902aa0a00b001bc2831e1a8sm3050406plb.80 - gsmtp

The following SMTP error was encountered: 250 2.0.0 OK  1700828772 be10-20020a170902aa0a00b001bc2831e1a8sm3050406plb.80 - gsmtp

The following SMTP error was encountered: 
CRITICAL - 2023-11-24 12:24:09 --> The action you requested is not allowed.
in SYSTEMPATH\Security\Security.php on line 306.
 1 SYSTEMPATH\Security\Security.php(306): CodeIgniter\Security\Exceptions\SecurityException::forDisallowedAction()
 2 SYSTEMPATH\Filters\CSRF.php(55): CodeIgniter\Security\Security->verify(Object(CodeIgniter\HTTP\IncomingRequest))
 3 APPPATH\Filters\CustomCSRF.php(24): CodeIgniter\Filters\CSRF->before(Object(CodeIgniter\HTTP\IncomingRequest), null)
 4 SYSTEMPATH\Filters\Filters.php(173): App\Filters\CustomCSRF->before(Object(CodeIgniter\HTTP\IncomingRequest), null)
 5 SYSTEMPATH\CodeIgniter.php(471): CodeIgniter\Filters\Filters->run('/add-sign', 'before')
 6 SYSTEMPATH\CodeIgniter.php(366): CodeIgniter\CodeIgniter->handleRequest(null, Object(Config\Cache), false)
 7 FCPATH\index.php(67): CodeIgniter\CodeIgniter->run()
CRITICAL - 2023-11-24 12:24:13 --> The action you requested is not allowed.
in SYSTEMPATH\Security\Security.php on line 306.
 1 SYSTEMPATH\Security\Security.php(306): CodeIgniter\Security\Exceptions\SecurityException::forDisallowedAction()
 2 SYSTEMPATH\Filters\CSRF.php(55): CodeIgniter\Security\Security->verify(Object(CodeIgniter\HTTP\IncomingRequest))
 3 APPPATH\Filters\CustomCSRF.php(24): CodeIgniter\Filters\CSRF->before(Object(CodeIgniter\HTTP\IncomingRequest), null)
 4 SYSTEMPATH\Filters\Filters.php(173): App\Filters\CustomCSRF->before(Object(CodeIgniter\HTTP\IncomingRequest), null)
 5 SYSTEMPATH\CodeIgniter.php(471): CodeIgniter\Filters\Filters->run('/add-sign', 'before')
 6 SYSTEMPATH\CodeIgniter.php(366): CodeIgniter\CodeIgniter->handleRequest(null, Object(Config\Cache), false)
 7 FCPATH\index.php(67): CodeIgniter\CodeIgniter->run()
CRITICAL - 2023-11-24 12:47:31 --> The action you requested is not allowed.
in SYSTEMPATH\Security\Security.php on line 306.
 1 SYSTEMPATH\Security\Security.php(306): CodeIgniter\Security\Exceptions\SecurityException::forDisallowedAction()
 2 SYSTEMPATH\Filters\CSRF.php(55): CodeIgniter\Security\Security->verify(Object(CodeIgniter\HTTP\IncomingRequest))
 3 APPPATH\Filters\CustomCSRF.php(24): CodeIgniter\Filters\CSRF->before(Object(CodeIgniter\HTTP\IncomingRequest), null)
 4 SYSTEMPATH\Filters\Filters.php(173): App\Filters\CustomCSRF->before(Object(CodeIgniter\HTTP\IncomingRequest), null)
 5 SYSTEMPATH\CodeIgniter.php(471): CodeIgniter\Filters\Filters->run('/emp-dashboard', 'before')
 6 SYSTEMPATH\CodeIgniter.php(366): CodeIgniter\CodeIgniter->handleRequest(null, Object(Config\Cache), false)
 7 FCPATH\index.php(67): CodeIgniter\CodeIgniter->run()
CRITICAL - 2023-11-24 12:47:36 --> The action you requested is not allowed.
in SYSTEMPATH\Security\Security.php on line 306.
 1 SYSTEMPATH\Security\Security.php(306): CodeIgniter\Security\Exceptions\SecurityException::forDisallowedAction()
 2 SYSTEMPATH\Filters\CSRF.php(55): CodeIgniter\Security\Security->verify(Object(CodeIgniter\HTTP\IncomingRequest))
 3 APPPATH\Filters\CustomCSRF.php(24): CodeIgniter\Filters\CSRF->before(Object(CodeIgniter\HTTP\IncomingRequest), null)
 4 SYSTEMPATH\Filters\Filters.php(173): App\Filters\CustomCSRF->before(Object(CodeIgniter\HTTP\IncomingRequest), null)
 5 SYSTEMPATH\CodeIgniter.php(471): CodeIgniter\Filters\Filters->run('/emp-dashboard', 'before')
 6 SYSTEMPATH\CodeIgniter.php(366): CodeIgniter\CodeIgniter->handleRequest(null, Object(Config\Cache), false)
 7 FCPATH\index.php(67): CodeIgniter\CodeIgniter->run()
