CRITICAL - 2023-12-01 06:58:28 --> Undefined array key "id012"
in APPPATH\Views\emp-dashboard.php on line 686.
 1 APPPATH\Views\emp-dashboard.php(686): CodeIgniter\Debug\Exceptions->errorHandler(2, 'Undefined array key "id012"', 'C:\\xampp\\htdocs\\ReliableVerify\\app\\Views\\emp-dashboard.php', 686)
 2 SYSTEMPATH\View\View.php(224): include('C:\\xampp\\htdocs\\ReliableVerify\\app\\Views\\emp-dashboard.php')
 3 SYSTEMPATH\View\View.php(227): CodeIgniter\View\View->CodeIgniter\View\{closure}()
 4 SYSTEMPATH\Common.php(1180): CodeIgniter\View\View->render('emp-dashboard', [], true)
 5 APPPATH\Controllers\Controllerusers.php(123): view('emp-dashboard', [...])
 6 SYSTEMPATH\CodeIgniter.php(932): App\Controllers\Controllerusers->empdash()
 7 SYSTEMPATH\CodeIgniter.php(497): CodeIgniter\CodeIgniter->runController(Object(App\Controllers\Controllerusers))
 8 SYSTEMPATH\CodeIgniter.php(366): CodeIgniter\CodeIgniter->handleRequest(null, Object(Config\Cache), false)
 9 FCPATH\index.php(67): CodeIgniter\CodeIgniter->run()
CRITICAL - 2023-12-01 09:35:25 --> The action you requested is not allowed.
in SYSTEMPATH\Security\Security.php on line 306.
 1 SYSTEMPATH\Security\Security.php(306): CodeIgniter\Security\Exceptions\SecurityException::forDisallowedAction()
 2 SYSTEMPATH\Filters\CSRF.php(55): CodeIgniter\Security\Security->verify(Object(CodeIgniter\HTTP\IncomingRequest))
 3 APPPATH\Filters\CustomCSRF.php(24): CodeIgniter\Filters\CSRF->before(Object(CodeIgniter\HTTP\IncomingRequest), null)
 4 SYSTEMPATH\Filters\Filters.php(173): App\Filters\CustomCSRF->before(Object(CodeIgniter\HTTP\IncomingRequest), null)
 5 SYSTEMPATH\CodeIgniter.php(471): CodeIgniter\Filters\Filters->run('/download-excel', 'before')
 6 SYSTEMPATH\CodeIgniter.php(366): CodeIgniter\CodeIgniter->handleRequest(null, Object(Config\Cache), false)
 7 FCPATH\index.php(67): CodeIgniter\CodeIgniter->run()
CRITICAL - 2023-12-01 12:25:53 --> Undefined array key "completed_at"
in APPPATH\Controllers\Controllerusers.php on line 415.
 1 APPPATH\Controllers\Controllerusers.php(415): CodeIgniter\Debug\Exceptions->errorHandler(2, 'Undefined array key "completed_at"', 'C:\\xampp\\htdocs\\ReliableVerify\\app\\Controllers\\Controllerusers.php', 415)
 2 SYSTEMPATH\CodeIgniter.php(932): App\Controllers\Controllerusers->downloadExcel()
 3 SYSTEMPATH\CodeIgniter.php(497): CodeIgniter\CodeIgniter->runController(Object(App\Controllers\Controllerusers))
 4 SYSTEMPATH\CodeIgniter.php(366): CodeIgniter\CodeIgniter->handleRequest(null, Object(Config\Cache), false)
 5 FCPATH\index.php(67): CodeIgniter\CodeIgniter->run()
CRITICAL - 2023-12-01 12:26:02 --> Undefined array key "completed_at"
in APPPATH\Controllers\Controllerusers.php on line 415.
 1 APPPATH\Controllers\Controllerusers.php(415): CodeIgniter\Debug\Exceptions->errorHandler(2, 'Undefined array key "completed_at"', 'C:\\xampp\\htdocs\\ReliableVerify\\app\\Controllers\\Controllerusers.php', 415)
 2 SYSTEMPATH\CodeIgniter.php(932): App\Controllers\Controllerusers->downloadExcel()
 3 SYSTEMPATH\CodeIgniter.php(497): CodeIgniter\CodeIgniter->runController(Object(App\Controllers\Controllerusers))
 4 SYSTEMPATH\CodeIgniter.php(366): CodeIgniter\CodeIgniter->handleRequest(null, Object(Config\Cache), false)
 5 FCPATH\index.php(67): CodeIgniter\CodeIgniter->run()
CRITICAL - 2023-12-01 12:26:09 --> Undefined array key "completed_at"
in APPPATH\Controllers\Controllerusers.php on line 415.
 1 APPPATH\Controllers\Controllerusers.php(415): CodeIgniter\Debug\Exceptions->errorHandler(2, 'Undefined array key "completed_at"', 'C:\\xampp\\htdocs\\ReliableVerify\\app\\Controllers\\Controllerusers.php', 415)
 2 SYSTEMPATH\CodeIgniter.php(932): App\Controllers\Controllerusers->downloadExcel()
 3 SYSTEMPATH\CodeIgniter.php(497): CodeIgniter\CodeIgniter->runController(Object(App\Controllers\Controllerusers))
 4 SYSTEMPATH\CodeIgniter.php(366): CodeIgniter\CodeIgniter->handleRequest(null, Object(Config\Cache), false)
 5 FCPATH\index.php(67): CodeIgniter\CodeIgniter->run()
CRITICAL - 2023-12-01 12:26:12 --> Undefined array key "completed_at"
in APPPATH\Controllers\Controllerusers.php on line 415.
 1 APPPATH\Controllers\Controllerusers.php(415): CodeIgniter\Debug\Exceptions->errorHandler(2, 'Undefined array key "completed_at"', 'C:\\xampp\\htdocs\\ReliableVerify\\app\\Controllers\\Controllerusers.php', 415)
 2 SYSTEMPATH\CodeIgniter.php(932): App\Controllers\Controllerusers->downloadExcel()
 3 SYSTEMPATH\CodeIgniter.php(497): CodeIgniter\CodeIgniter->runController(Object(App\Controllers\Controllerusers))
 4 SYSTEMPATH\CodeIgniter.php(366): CodeIgniter\CodeIgniter->handleRequest(null, Object(Config\Cache), false)
 5 FCPATH\index.php(67): CodeIgniter\CodeIgniter->run()
CRITICAL - 2023-12-01 12:26:26 --> Undefined array key "completed_at"
in APPPATH\Controllers\Controllerusers.php on line 415.
 1 APPPATH\Controllers\Controllerusers.php(415): CodeIgniter\Debug\Exceptions->errorHandler(2, 'Undefined array key "completed_at"', 'C:\\xampp\\htdocs\\ReliableVerify\\app\\Controllers\\Controllerusers.php', 415)
 2 SYSTEMPATH\CodeIgniter.php(932): App\Controllers\Controllerusers->downloadExcel()
 3 SYSTEMPATH\CodeIgniter.php(497): CodeIgniter\CodeIgniter->runController(Object(App\Controllers\Controllerusers))
 4 SYSTEMPATH\CodeIgniter.php(366): CodeIgniter\CodeIgniter->handleRequest(null, Object(Config\Cache), false)
 5 FCPATH\index.php(67): CodeIgniter\CodeIgniter->run()
CRITICAL - 2023-12-01 12:26:29 --> Undefined array key "completed_at"
in APPPATH\Controllers\Controllerusers.php on line 415.
 1 APPPATH\Controllers\Controllerusers.php(415): CodeIgniter\Debug\Exceptions->errorHandler(2, 'Undefined array key "completed_at"', 'C:\\xampp\\htdocs\\ReliableVerify\\app\\Controllers\\Controllerusers.php', 415)
 2 SYSTEMPATH\CodeIgniter.php(932): App\Controllers\Controllerusers->downloadExcel()
 3 SYSTEMPATH\CodeIgniter.php(497): CodeIgniter\CodeIgniter->runController(Object(App\Controllers\Controllerusers))
 4 SYSTEMPATH\CodeIgniter.php(366): CodeIgniter\CodeIgniter->handleRequest(null, Object(Config\Cache), false)
 5 FCPATH\index.php(67): CodeIgniter\CodeIgniter->run()
CRITICAL - 2023-12-01 12:26:42 --> Undefined array key "completed_at"
in APPPATH\Controllers\Controllerusers.php on line 415.
 1 APPPATH\Controllers\Controllerusers.php(415): CodeIgniter\Debug\Exceptions->errorHandler(2, 'Undefined array key "completed_at"', 'C:\\xampp\\htdocs\\ReliableVerify\\app\\Controllers\\Controllerusers.php', 415)
 2 SYSTEMPATH\CodeIgniter.php(932): App\Controllers\Controllerusers->downloadExcel()
 3 SYSTEMPATH\CodeIgniter.php(497): CodeIgniter\CodeIgniter->runController(Object(App\Controllers\Controllerusers))
 4 SYSTEMPATH\CodeIgniter.php(366): CodeIgniter\CodeIgniter->handleRequest(null, Object(Config\Cache), false)
 5 FCPATH\index.php(67): CodeIgniter\CodeIgniter->run()
CRITICAL - 2023-12-01 12:27:04 --> Undefined array key "completed_at"
in APPPATH\Controllers\Controllerusers.php on line 413.
 1 APPPATH\Controllers\Controllerusers.php(413): CodeIgniter\Debug\Exceptions->errorHandler(2, 'Undefined array key "completed_at"', 'C:\\xampp\\htdocs\\ReliableVerify\\app\\Controllers\\Controllerusers.php', 413)
 2 SYSTEMPATH\CodeIgniter.php(932): App\Controllers\Controllerusers->downloadExcel()
 3 SYSTEMPATH\CodeIgniter.php(497): CodeIgniter\CodeIgniter->runController(Object(App\Controllers\Controllerusers))
 4 SYSTEMPATH\CodeIgniter.php(366): CodeIgniter\CodeIgniter->handleRequest(null, Object(Config\Cache), false)
 5 FCPATH\index.php(67): CodeIgniter\CodeIgniter->run()
CRITICAL - 2023-12-01 12:27:07 --> Undefined array key "completed_at"
in APPPATH\Controllers\Controllerusers.php on line 413.
 1 APPPATH\Controllers\Controllerusers.php(413): CodeIgniter\Debug\Exceptions->errorHandler(2, 'Undefined array key "completed_at"', 'C:\\xampp\\htdocs\\ReliableVerify\\app\\Controllers\\Controllerusers.php', 413)
 2 SYSTEMPATH\CodeIgniter.php(932): App\Controllers\Controllerusers->downloadExcel()
 3 SYSTEMPATH\CodeIgniter.php(497): CodeIgniter\CodeIgniter->runController(Object(App\Controllers\Controllerusers))
 4 SYSTEMPATH\CodeIgniter.php(366): CodeIgniter\CodeIgniter->handleRequest(null, Object(Config\Cache), false)
 5 FCPATH\index.php(67): CodeIgniter\CodeIgniter->run()
CRITICAL - 2023-12-01 12:53:09 --> Undefined array key "completed_at"
in APPPATH\Controllers\Controllerusers.php on line 413.
 1 APPPATH\Controllers\Controllerusers.php(413): CodeIgniter\Debug\Exceptions->errorHandler(2, 'Undefined array key "completed_at"', 'C:\\xampp\\htdocs\\ReliableVerify\\app\\Controllers\\Controllerusers.php', 413)
 2 SYSTEMPATH\CodeIgniter.php(932): App\Controllers\Controllerusers->downloadExcel()
 3 SYSTEMPATH\CodeIgniter.php(497): CodeIgniter\CodeIgniter->runController(Object(App\Controllers\Controllerusers))
 4 SYSTEMPATH\CodeIgniter.php(366): CodeIgniter\CodeIgniter->handleRequest(null, Object(Config\Cache), false)
 5 FCPATH\index.php(67): CodeIgniter\CodeIgniter->run()
CRITICAL - 2023-12-01 12:53:17 --> Undefined array key "completed_at"
in APPPATH\Controllers\Controllerusers.php on line 413.
 1 APPPATH\Controllers\Controllerusers.php(413): CodeIgniter\Debug\Exceptions->errorHandler(2, 'Undefined array key "completed_at"', 'C:\\xampp\\htdocs\\ReliableVerify\\app\\Controllers\\Controllerusers.php', 413)
 2 SYSTEMPATH\CodeIgniter.php(932): App\Controllers\Controllerusers->downloadExcel()
 3 SYSTEMPATH\CodeIgniter.php(497): CodeIgniter\CodeIgniter->runController(Object(App\Controllers\Controllerusers))
 4 SYSTEMPATH\CodeIgniter.php(366): CodeIgniter\CodeIgniter->handleRequest(null, Object(Config\Cache), false)
 5 FCPATH\index.php(67): CodeIgniter\CodeIgniter->run()
CRITICAL - 2023-12-01 12:53:45 --> Undefined array key "completed_at"
in APPPATH\Controllers\Controllerusers.php on line 407.
 1 APPPATH\Controllers\Controllerusers.php(407): CodeIgniter\Debug\Exceptions->errorHandler(2, 'Undefined array key "completed_at"', 'C:\\xampp\\htdocs\\ReliableVerify\\app\\Controllers\\Controllerusers.php', 407)
 2 SYSTEMPATH\CodeIgniter.php(932): App\Controllers\Controllerusers->downloadExcel()
 3 SYSTEMPATH\CodeIgniter.php(497): CodeIgniter\CodeIgniter->runController(Object(App\Controllers\Controllerusers))
 4 SYSTEMPATH\CodeIgniter.php(366): CodeIgniter\CodeIgniter->handleRequest(null, Object(Config\Cache), false)
 5 FCPATH\index.php(67): CodeIgniter\CodeIgniter->run()
CRITICAL - 2023-12-01 12:53:50 --> Undefined array key "completed_at"
in APPPATH\Controllers\Controllerusers.php on line 407.
 1 APPPATH\Controllers\Controllerusers.php(407): CodeIgniter\Debug\Exceptions->errorHandler(2, 'Undefined array key "completed_at"', 'C:\\xampp\\htdocs\\ReliableVerify\\app\\Controllers\\Controllerusers.php', 407)
 2 SYSTEMPATH\CodeIgniter.php(932): App\Controllers\Controllerusers->downloadExcel()
 3 SYSTEMPATH\CodeIgniter.php(497): CodeIgniter\CodeIgniter->runController(Object(App\Controllers\Controllerusers))
 4 SYSTEMPATH\CodeIgniter.php(366): CodeIgniter\CodeIgniter->handleRequest(null, Object(Config\Cache), false)
 5 FCPATH\index.php(67): CodeIgniter\CodeIgniter->run()
CRITICAL - 2023-12-01 12:54:17 --> Undefined array key "completed_at"
in APPPATH\Controllers\Controllerusers.php on line 407.
 1 APPPATH\Controllers\Controllerusers.php(407): CodeIgniter\Debug\Exceptions->errorHandler(2, 'Undefined array key "completed_at"', 'C:\\xampp\\htdocs\\ReliableVerify\\app\\Controllers\\Controllerusers.php', 407)
 2 SYSTEMPATH\CodeIgniter.php(932): App\Controllers\Controllerusers->downloadExcel()
 3 SYSTEMPATH\CodeIgniter.php(497): CodeIgniter\CodeIgniter->runController(Object(App\Controllers\Controllerusers))
 4 SYSTEMPATH\CodeIgniter.php(366): CodeIgniter\CodeIgniter->handleRequest(null, Object(Config\Cache), false)
 5 FCPATH\index.php(67): CodeIgniter\CodeIgniter->run()
CRITICAL - 2023-12-01 12:54:20 --> Undefined array key "completed_at"
in APPPATH\Controllers\Controllerusers.php on line 407.
 1 APPPATH\Controllers\Controllerusers.php(407): CodeIgniter\Debug\Exceptions->errorHandler(2, 'Undefined array key "completed_at"', 'C:\\xampp\\htdocs\\ReliableVerify\\app\\Controllers\\Controllerusers.php', 407)
 2 SYSTEMPATH\CodeIgniter.php(932): App\Controllers\Controllerusers->downloadExcel()
 3 SYSTEMPATH\CodeIgniter.php(497): CodeIgniter\CodeIgniter->runController(Object(App\Controllers\Controllerusers))
 4 SYSTEMPATH\CodeIgniter.php(366): CodeIgniter\CodeIgniter->handleRequest(null, Object(Config\Cache), false)
 5 FCPATH\index.php(67): CodeIgniter\CodeIgniter->run()
CRITICAL - 2023-12-01 13:05:44 --> Undefined array key "completed_at"
in APPPATH\Controllers\Controllerusers.php on line 407.
 1 APPPATH\Controllers\Controllerusers.php(407): CodeIgniter\Debug\Exceptions->errorHandler(2, 'Undefined array key "completed_at"', 'C:\\xampp\\htdocs\\ReliableVerify\\app\\Controllers\\Controllerusers.php', 407)
 2 SYSTEMPATH\CodeIgniter.php(932): App\Controllers\Controllerusers->downloadExcel()
 3 SYSTEMPATH\CodeIgniter.php(497): CodeIgniter\CodeIgniter->runController(Object(App\Controllers\Controllerusers))
 4 SYSTEMPATH\CodeIgniter.php(366): CodeIgniter\CodeIgniter->handleRequest(null, Object(Config\Cache), false)
 5 FCPATH\index.php(67): CodeIgniter\CodeIgniter->run()
CRITICAL - 2023-12-01 13:06:09 --> Undefined array key "completed_at"
in APPPATH\Controllers\Controllerusers.php on line 407.
 1 APPPATH\Controllers\Controllerusers.php(407): CodeIgniter\Debug\Exceptions->errorHandler(2, 'Undefined array key "completed_at"', 'C:\\xampp\\htdocs\\ReliableVerify\\app\\Controllers\\Controllerusers.php', 407)
 2 SYSTEMPATH\CodeIgniter.php(932): App\Controllers\Controllerusers->downloadExcel()
 3 SYSTEMPATH\CodeIgniter.php(497): CodeIgniter\CodeIgniter->runController(Object(App\Controllers\Controllerusers))
 4 SYSTEMPATH\CodeIgniter.php(366): CodeIgniter\CodeIgniter->handleRequest(null, Object(Config\Cache), false)
 5 FCPATH\index.php(67): CodeIgniter\CodeIgniter->run()
CRITICAL - 2023-12-01 13:07:49 --> Undefined array key "completed_at"
in APPPATH\Controllers\Controllerusers.php on line 407.
 1 APPPATH\Controllers\Controllerusers.php(407): CodeIgniter\Debug\Exceptions->errorHandler(2, 'Undefined array key "completed_at"', 'C:\\xampp\\htdocs\\ReliableVerify\\app\\Controllers\\Controllerusers.php', 407)
 2 SYSTEMPATH\CodeIgniter.php(932): App\Controllers\Controllerusers->downloadExcel()
 3 SYSTEMPATH\CodeIgniter.php(497): CodeIgniter\CodeIgniter->runController(Object(App\Controllers\Controllerusers))
 4 SYSTEMPATH\CodeIgniter.php(366): CodeIgniter\CodeIgniter->handleRequest(null, Object(Config\Cache), false)
 5 FCPATH\index.php(67): CodeIgniter\CodeIgniter->run()
CRITICAL - 2023-12-01 13:08:12 --> Undefined array key "completed_at"
in APPPATH\Controllers\Controllerusers.php on line 407.
 1 APPPATH\Controllers\Controllerusers.php(407): CodeIgniter\Debug\Exceptions->errorHandler(2, 'Undefined array key "completed_at"', 'C:\\xampp\\htdocs\\ReliableVerify\\app\\Controllers\\Controllerusers.php', 407)
 2 SYSTEMPATH\CodeIgniter.php(932): App\Controllers\Controllerusers->downloadExcel()
 3 SYSTEMPATH\CodeIgniter.php(497): CodeIgniter\CodeIgniter->runController(Object(App\Controllers\Controllerusers))
 4 SYSTEMPATH\CodeIgniter.php(366): CodeIgniter\CodeIgniter->handleRequest(null, Object(Config\Cache), false)
 5 FCPATH\index.php(67): CodeIgniter\CodeIgniter->run()
CRITICAL - 2023-12-01 13:08:53 --> Undefined array key "completed_at"
in APPPATH\Controllers\Controllerusers.php on line 407.
 1 APPPATH\Controllers\Controllerusers.php(407): CodeIgniter\Debug\Exceptions->errorHandler(2, 'Undefined array key "completed_at"', 'C:\\xampp\\htdocs\\ReliableVerify\\app\\Controllers\\Controllerusers.php', 407)
 2 SYSTEMPATH\CodeIgniter.php(932): App\Controllers\Controllerusers->downloadExcel()
 3 SYSTEMPATH\CodeIgniter.php(497): CodeIgniter\CodeIgniter->runController(Object(App\Controllers\Controllerusers))
 4 SYSTEMPATH\CodeIgniter.php(366): CodeIgniter\CodeIgniter->handleRequest(null, Object(Config\Cache), false)
 5 FCPATH\index.php(67): CodeIgniter\CodeIgniter->run()
CRITICAL - 2023-12-01 13:10:33 --> Undefined array key "completed_at"
in APPPATH\Controllers\Controllerusers.php on line 407.
 1 APPPATH\Controllers\Controllerusers.php(407): CodeIgniter\Debug\Exceptions->errorHandler(2, 'Undefined array key "completed_at"', 'C:\\xampp\\htdocs\\ReliableVerify\\app\\Controllers\\Controllerusers.php', 407)
 2 SYSTEMPATH\CodeIgniter.php(932): App\Controllers\Controllerusers->downloadExcel()
 3 SYSTEMPATH\CodeIgniter.php(497): CodeIgniter\CodeIgniter->runController(Object(App\Controllers\Controllerusers))
 4 SYSTEMPATH\CodeIgniter.php(366): CodeIgniter\CodeIgniter->handleRequest(null, Object(Config\Cache), false)
 5 FCPATH\index.php(67): CodeIgniter\CodeIgniter->run()
CRITICAL - 2023-12-01 13:24:32 --> Undefined array key "completed_at"
in APPPATH\Controllers\Controllerusers.php on line 407.
 1 APPPATH\Controllers\Controllerusers.php(407): CodeIgniter\Debug\Exceptions->errorHandler(2, 'Undefined array key "completed_at"', 'C:\\xampp\\htdocs\\ReliableVerify\\app\\Controllers\\Controllerusers.php', 407)
 2 SYSTEMPATH\CodeIgniter.php(932): App\Controllers\Controllerusers->downloadExcel()
 3 SYSTEMPATH\CodeIgniter.php(497): CodeIgniter\CodeIgniter->runController(Object(App\Controllers\Controllerusers))
 4 SYSTEMPATH\CodeIgniter.php(366): CodeIgniter\CodeIgniter->handleRequest(null, Object(Config\Cache), false)
 5 FCPATH\index.php(67): CodeIgniter\CodeIgniter->run()
CRITICAL - 2023-12-01 13:25:23 --> Undefined array key "completed_at"
in APPPATH\Controllers\Controllerusers.php on line 407.
 1 APPPATH\Controllers\Controllerusers.php(407): CodeIgniter\Debug\Exceptions->errorHandler(2, 'Undefined array key "completed_at"', 'C:\\xampp\\htdocs\\ReliableVerify\\app\\Controllers\\Controllerusers.php', 407)
 2 SYSTEMPATH\CodeIgniter.php(932): App\Controllers\Controllerusers->downloadExcel()
 3 SYSTEMPATH\CodeIgniter.php(497): CodeIgniter\CodeIgniter->runController(Object(App\Controllers\Controllerusers))
 4 SYSTEMPATH\CodeIgniter.php(366): CodeIgniter\CodeIgniter->handleRequest(null, Object(Config\Cache), false)
 5 FCPATH\index.php(67): CodeIgniter\CodeIgniter->run()
CRITICAL - 2023-12-01 13:43:11 --> foreach() argument must be of type array|object, string given
in APPPATH\Controllers\Controllerusers.php on line 408.
 1 APPPATH\Controllers\Controllerusers.php(408): CodeIgniter\Debug\Exceptions->errorHandler(2, 'foreach() argument must be of type array|object, string given', 'C:\\xampp\\htdocs\\ReliableVerify\\app\\Controllers\\Controllerusers.php', 408)
 2 SYSTEMPATH\CodeIgniter.php(932): App\Controllers\Controllerusers->downloadExcel()
 3 SYSTEMPATH\CodeIgniter.php(497): CodeIgniter\CodeIgniter->runController(Object(App\Controllers\Controllerusers))
 4 SYSTEMPATH\CodeIgniter.php(366): CodeIgniter\CodeIgniter->handleRequest(null, Object(Config\Cache), false)
 5 FCPATH\index.php(67): CodeIgniter\CodeIgniter->run()
