CRITICAL - 2024-05-09 08:20:26 --> Undefined variable $results
in APPPATH\Views\documents-checklist.php on line 98.
 1 APPPATH\Views\documents-checklist.php(98): CodeIgniter\Debug\Exceptions->errorHandler(2, 'Undefined variable $results', 'D:\\xampp\\htdocs\\anyloandoc.com\\version1\\app\\Views\\documents-checklist.php', 98)
 2 SYSTEMPATH\View\View.php(224): include('D:\\xampp\\htdocs\\anyloandoc.com\\version1\\app\\Views\\documents-checklist.php')
 3 SYSTEMPATH\View\View.php(227): CodeIgniter\View\View->CodeIgniter\View\{closure}()
 4 SYSTEMPATH\Common.php(1180): CodeIgniter\View\View->render('documents-checklist', [], true)
 5 APPPATH\Controllers\Home.php(47): view('documents-checklist')
 6 SYSTEMPATH\CodeIgniter.php(932): App\Controllers\Home->documentsChecklist()
 7 SYSTEMPATH\CodeIgniter.php(497): CodeIgniter\CodeIgniter->runController(Object(App\Controllers\Home))
 8 SYSTEMPATH\CodeIgniter.php(366): CodeIgniter\CodeIgniter->handleRequest(null, Object(Config\Cache), false)
 9 FCPATH\index.php(67): CodeIgniter\CodeIgniter->run()
CRITICAL - 2024-05-09 08:20:57 --> Undefined variable $results
in APPPATH\Views\documents-checklist.php on line 98.
 1 APPPATH\Views\documents-checklist.php(98): CodeIgniter\Debug\Exceptions->errorHandler(2, 'Undefined variable $results', 'D:\\xampp\\htdocs\\anyloandoc.com\\version1\\app\\Views\\documents-checklist.php', 98)
 2 SYSTEMPATH\View\View.php(224): include('D:\\xampp\\htdocs\\anyloandoc.com\\version1\\app\\Views\\documents-checklist.php')
 3 SYSTEMPATH\View\View.php(227): CodeIgniter\View\View->CodeIgniter\View\{closure}()
 4 SYSTEMPATH\Common.php(1180): CodeIgniter\View\View->render('documents-checklist', [], true)
 5 APPPATH\Controllers\Home.php(47): view('documents-checklist', [...])
 6 SYSTEMPATH\CodeIgniter.php(932): App\Controllers\Home->documentsChecklist()
 7 SYSTEMPATH\CodeIgniter.php(497): CodeIgniter\CodeIgniter->runController(Object(App\Controllers\Home))
 8 SYSTEMPATH\CodeIgniter.php(366): CodeIgniter\CodeIgniter->handleRequest(null, Object(Config\Cache), false)
 9 FCPATH\index.php(67): CodeIgniter\CodeIgniter->run()
CRITICAL - 2024-05-09 08:21:01 --> Undefined variable $results
in APPPATH\Views\documents-checklist.php on line 98.
 1 APPPATH\Views\documents-checklist.php(98): CodeIgniter\Debug\Exceptions->errorHandler(2, 'Undefined variable $results', 'D:\\xampp\\htdocs\\anyloandoc.com\\version1\\app\\Views\\documents-checklist.php', 98)
 2 SYSTEMPATH\View\View.php(224): include('D:\\xampp\\htdocs\\anyloandoc.com\\version1\\app\\Views\\documents-checklist.php')
 3 SYSTEMPATH\View\View.php(227): CodeIgniter\View\View->CodeIgniter\View\{closure}()
 4 SYSTEMPATH\Common.php(1180): CodeIgniter\View\View->render('documents-checklist', [], true)
 5 APPPATH\Controllers\Home.php(47): view('documents-checklist', [...])
 6 SYSTEMPATH\CodeIgniter.php(932): App\Controllers\Home->documentsChecklist()
 7 SYSTEMPATH\CodeIgniter.php(497): CodeIgniter\CodeIgniter->runController(Object(App\Controllers\Home))
 8 SYSTEMPATH\CodeIgniter.php(366): CodeIgniter\CodeIgniter->handleRequest(null, Object(Config\Cache), false)
 9 FCPATH\index.php(67): CodeIgniter\CodeIgniter->run()
CRITICAL - 2024-05-09 08:21:12 --> Undefined variable $results
in APPPATH\Views\documents-checklist.php on line 98.
 1 APPPATH\Views\documents-checklist.php(98): CodeIgniter\Debug\Exceptions->errorHandler(2, 'Undefined variable $results', 'D:\\xampp\\htdocs\\anyloandoc.com\\version1\\app\\Views\\documents-checklist.php', 98)
 2 SYSTEMPATH\View\View.php(224): include('D:\\xampp\\htdocs\\anyloandoc.com\\version1\\app\\Views\\documents-checklist.php')
 3 SYSTEMPATH\View\View.php(227): CodeIgniter\View\View->CodeIgniter\View\{closure}()
 4 SYSTEMPATH\Common.php(1180): CodeIgniter\View\View->render('documents-checklist', [], true)
 5 APPPATH\Controllers\Home.php(47): view('documents-checklist', [...])
 6 SYSTEMPATH\CodeIgniter.php(932): App\Controllers\Home->documentsChecklist()
 7 SYSTEMPATH\CodeIgniter.php(497): CodeIgniter\CodeIgniter->runController(Object(App\Controllers\Home))
 8 SYSTEMPATH\CodeIgniter.php(366): CodeIgniter\CodeIgniter->handleRequest(null, Object(Config\Cache), false)
 9 FCPATH\index.php(67): CodeIgniter\CodeIgniter->run()
CRITICAL - 2024-05-09 08:21:13 --> Undefined variable $results
in APPPATH\Views\documents-checklist.php on line 98.
 1 APPPATH\Views\documents-checklist.php(98): CodeIgniter\Debug\Exceptions->errorHandler(2, 'Undefined variable $results', 'D:\\xampp\\htdocs\\anyloandoc.com\\version1\\app\\Views\\documents-checklist.php', 98)
 2 SYSTEMPATH\View\View.php(224): include('D:\\xampp\\htdocs\\anyloandoc.com\\version1\\app\\Views\\documents-checklist.php')
 3 SYSTEMPATH\View\View.php(227): CodeIgniter\View\View->CodeIgniter\View\{closure}()
 4 SYSTEMPATH\Common.php(1180): CodeIgniter\View\View->render('documents-checklist', [], true)
 5 APPPATH\Controllers\Home.php(47): view('documents-checklist', [...])
 6 SYSTEMPATH\CodeIgniter.php(932): App\Controllers\Home->documentsChecklist()
 7 SYSTEMPATH\CodeIgniter.php(497): CodeIgniter\CodeIgniter->runController(Object(App\Controllers\Home))
 8 SYSTEMPATH\CodeIgniter.php(366): CodeIgniter\CodeIgniter->handleRequest(null, Object(Config\Cache), false)
 9 FCPATH\index.php(67): CodeIgniter\CodeIgniter->run()
CRITICAL - 2024-05-09 08:21:23 --> Undefined variable $results
in APPPATH\Views\documents-checklist.php on line 98.
 1 APPPATH\Views\documents-checklist.php(98): CodeIgniter\Debug\Exceptions->errorHandler(2, 'Undefined variable $results', 'D:\\xampp\\htdocs\\anyloandoc.com\\version1\\app\\Views\\documents-checklist.php', 98)
 2 SYSTEMPATH\View\View.php(224): include('D:\\xampp\\htdocs\\anyloandoc.com\\version1\\app\\Views\\documents-checklist.php')
 3 SYSTEMPATH\View\View.php(227): CodeIgniter\View\View->CodeIgniter\View\{closure}()
 4 SYSTEMPATH\Common.php(1180): CodeIgniter\View\View->render('documents-checklist', [], true)
 5 APPPATH\Controllers\Home.php(47): view('documents-checklist', [...])
 6 SYSTEMPATH\CodeIgniter.php(932): App\Controllers\Home->documentsChecklist()
 7 SYSTEMPATH\CodeIgniter.php(497): CodeIgniter\CodeIgniter->runController(Object(App\Controllers\Home))
 8 SYSTEMPATH\CodeIgniter.php(366): CodeIgniter\CodeIgniter->handleRequest(null, Object(Config\Cache), false)
 9 FCPATH\index.php(67): CodeIgniter\CodeIgniter->run()
CRITICAL - 2024-05-09 08:27:54 --> Undefined variable $results
in APPPATH\Views\documents-checklist.php on line 98.
 1 APPPATH\Views\documents-checklist.php(98): CodeIgniter\Debug\Exceptions->errorHandler(2, 'Undefined variable $results', 'D:\\xampp\\htdocs\\anyloandoc.com\\version1\\app\\Views\\documents-checklist.php', 98)
 2 SYSTEMPATH\View\View.php(224): include('D:\\xampp\\htdocs\\anyloandoc.com\\version1\\app\\Views\\documents-checklist.php')
 3 SYSTEMPATH\View\View.php(227): CodeIgniter\View\View->CodeIgniter\View\{closure}()
 4 SYSTEMPATH\Common.php(1180): CodeIgniter\View\View->render('documents-checklist', [], true)
 5 APPPATH\Controllers\Home.php(47): view('documents-checklist', [...])
 6 SYSTEMPATH\CodeIgniter.php(932): App\Controllers\Home->documentsChecklist()
 7 SYSTEMPATH\CodeIgniter.php(497): CodeIgniter\CodeIgniter->runController(Object(App\Controllers\Home))
 8 SYSTEMPATH\CodeIgniter.php(366): CodeIgniter\CodeIgniter->handleRequest(null, Object(Config\Cache), false)
 9 FCPATH\index.php(67): CodeIgniter\CodeIgniter->run()
CRITICAL - 2024-05-09 09:45:21 --> Undefined variable $results
in APPPATH\Views\documents-checklist.php on line 98.
 1 APPPATH\Views\documents-checklist.php(98): CodeIgniter\Debug\Exceptions->errorHandler(2, 'Undefined variable $results', 'D:\\xampp\\htdocs\\anyloandoc.com\\version1\\app\\Views\\documents-checklist.php', 98)
 2 SYSTEMPATH\View\View.php(224): include('D:\\xampp\\htdocs\\anyloandoc.com\\version1\\app\\Views\\documents-checklist.php')
 3 SYSTEMPATH\View\View.php(227): CodeIgniter\View\View->CodeIgniter\View\{closure}()
 4 SYSTEMPATH\Common.php(1180): CodeIgniter\View\View->render('documents-checklist', [], true)
 5 APPPATH\Controllers\Home.php(47): view('documents-checklist', [...])
 6 SYSTEMPATH\CodeIgniter.php(932): App\Controllers\Home->documentsChecklist()
 7 SYSTEMPATH\CodeIgniter.php(497): CodeIgniter\CodeIgniter->runController(Object(App\Controllers\Home))
 8 SYSTEMPATH\CodeIgniter.php(366): CodeIgniter\CodeIgniter->handleRequest(null, Object(Config\Cache), false)
 9 FCPATH\index.php(67): CodeIgniter\CodeIgniter->run()
CRITICAL - 2024-05-09 09:48:01 --> Undefined variable $results
in APPPATH\Views\documents-checklist.php on line 98.
 1 APPPATH\Views\documents-checklist.php(98): CodeIgniter\Debug\Exceptions->errorHandler(2, 'Undefined variable $results', 'D:\\xampp\\htdocs\\anyloandoc.com\\version1\\app\\Views\\documents-checklist.php', 98)
 2 SYSTEMPATH\View\View.php(224): include('D:\\xampp\\htdocs\\anyloandoc.com\\version1\\app\\Views\\documents-checklist.php')
 3 SYSTEMPATH\View\View.php(227): CodeIgniter\View\View->CodeIgniter\View\{closure}()
 4 SYSTEMPATH\Common.php(1180): CodeIgniter\View\View->render('documents-checklist', [], true)
 5 APPPATH\Controllers\Home.php(47): view('documents-checklist', [...])
 6 SYSTEMPATH\CodeIgniter.php(932): App\Controllers\Home->documentsChecklist()
 7 SYSTEMPATH\CodeIgniter.php(497): CodeIgniter\CodeIgniter->runController(Object(App\Controllers\Home))
 8 SYSTEMPATH\CodeIgniter.php(366): CodeIgniter\CodeIgniter->handleRequest(null, Object(Config\Cache), false)
 9 FCPATH\index.php(67): CodeIgniter\CodeIgniter->run()
CRITICAL - 2024-05-09 11:09:12 --> Undefined variable $results
in APPPATH\Views\documents-checklist.php on line 98.
 1 APPPATH\Views\documents-checklist.php(98): CodeIgniter\Debug\Exceptions->errorHandler(2, 'Undefined variable $results', 'D:\\xampp\\htdocs\\anyloandoc.com\\version1\\app\\Views\\documents-checklist.php', 98)
 2 SYSTEMPATH\View\View.php(224): include('D:\\xampp\\htdocs\\anyloandoc.com\\version1\\app\\Views\\documents-checklist.php')
 3 SYSTEMPATH\View\View.php(227): CodeIgniter\View\View->CodeIgniter\View\{closure}()
 4 SYSTEMPATH\Common.php(1180): CodeIgniter\View\View->render('documents-checklist', [], true)
 5 APPPATH\Controllers\Home.php(47): view('documents-checklist', [...])
 6 SYSTEMPATH\CodeIgniter.php(932): App\Controllers\Home->documentsChecklist()
 7 SYSTEMPATH\CodeIgniter.php(497): CodeIgniter\CodeIgniter->runController(Object(App\Controllers\Home))
 8 SYSTEMPATH\CodeIgniter.php(366): CodeIgniter\CodeIgniter->handleRequest(null, Object(Config\Cache), false)
 9 FCPATH\index.php(67): CodeIgniter\CodeIgniter->run()
CRITICAL - 2024-05-09 11:10:53 --> Undefined variable $results
in APPPATH\Views\documents-checklist.php on line 98.
 1 APPPATH\Views\documents-checklist.php(98): CodeIgniter\Debug\Exceptions->errorHandler(2, 'Undefined variable $results', 'D:\\xampp\\htdocs\\anyloandoc.com\\version1\\app\\Views\\documents-checklist.php', 98)
 2 SYSTEMPATH\View\View.php(224): include('D:\\xampp\\htdocs\\anyloandoc.com\\version1\\app\\Views\\documents-checklist.php')
 3 SYSTEMPATH\View\View.php(227): CodeIgniter\View\View->CodeIgniter\View\{closure}()
 4 SYSTEMPATH\Common.php(1180): CodeIgniter\View\View->render('documents-checklist', [], true)
 5 APPPATH\Controllers\Home.php(47): view('documents-checklist', [...])
 6 SYSTEMPATH\CodeIgniter.php(932): App\Controllers\Home->documentsChecklist()
 7 SYSTEMPATH\CodeIgniter.php(497): CodeIgniter\CodeIgniter->runController(Object(App\Controllers\Home))
 8 SYSTEMPATH\CodeIgniter.php(366): CodeIgniter\CodeIgniter->handleRequest(null, Object(Config\Cache), false)
 9 FCPATH\index.php(67): CodeIgniter\CodeIgniter->run()
CRITICAL - 2024-05-09 11:12:47 --> Undefined variable $results
in APPPATH\Views\documents-checklist.php on line 98.
 1 APPPATH\Views\documents-checklist.php(98): CodeIgniter\Debug\Exceptions->errorHandler(2, 'Undefined variable $results', 'D:\\xampp\\htdocs\\anyloandoc.com\\version1\\app\\Views\\documents-checklist.php', 98)
 2 SYSTEMPATH\View\View.php(224): include('D:\\xampp\\htdocs\\anyloandoc.com\\version1\\app\\Views\\documents-checklist.php')
 3 SYSTEMPATH\View\View.php(227): CodeIgniter\View\View->CodeIgniter\View\{closure}()
 4 SYSTEMPATH\Common.php(1180): CodeIgniter\View\View->render('documents-checklist', [], true)
 5 APPPATH\Controllers\Home.php(47): view('documents-checklist', [...])
 6 SYSTEMPATH\CodeIgniter.php(932): App\Controllers\Home->documentsChecklist()
 7 SYSTEMPATH\CodeIgniter.php(497): CodeIgniter\CodeIgniter->runController(Object(App\Controllers\Home))
 8 SYSTEMPATH\CodeIgniter.php(366): CodeIgniter\CodeIgniter->handleRequest(null, Object(Config\Cache), false)
 9 FCPATH\index.php(67): CodeIgniter\CodeIgniter->run()
CRITICAL - 2024-05-09 11:15:44 --> Undefined variable $results
in APPPATH\Views\documents-checklist.php on line 98.
 1 APPPATH\Views\documents-checklist.php(98): CodeIgniter\Debug\Exceptions->errorHandler(2, 'Undefined variable $results', 'D:\\xampp\\htdocs\\anyloandoc.com\\version1\\app\\Views\\documents-checklist.php', 98)
 2 SYSTEMPATH\View\View.php(224): include('D:\\xampp\\htdocs\\anyloandoc.com\\version1\\app\\Views\\documents-checklist.php')
 3 SYSTEMPATH\View\View.php(227): CodeIgniter\View\View->CodeIgniter\View\{closure}()
 4 SYSTEMPATH\Common.php(1180): CodeIgniter\View\View->render('documents-checklist', [], true)
 5 APPPATH\Controllers\Home.php(47): view('documents-checklist')
 6 SYSTEMPATH\CodeIgniter.php(932): App\Controllers\Home->documentsChecklist()
 7 SYSTEMPATH\CodeIgniter.php(497): CodeIgniter\CodeIgniter->runController(Object(App\Controllers\Home))
 8 SYSTEMPATH\CodeIgniter.php(366): CodeIgniter\CodeIgniter->handleRequest(null, Object(Config\Cache), false)
 9 FCPATH\index.php(67): CodeIgniter\CodeIgniter->run()
CRITICAL - 2024-05-09 11:17:23 --> Undefined variable $results
in APPPATH\Views\documents-checklist.php on line 99.
 1 APPPATH\Views\documents-checklist.php(99): CodeIgniter\Debug\Exceptions->errorHandler(2, 'Undefined variable $results', 'D:\\xampp\\htdocs\\anyloandoc.com\\version1\\app\\Views\\documents-checklist.php', 99)
 2 SYSTEMPATH\View\View.php(224): include('D:\\xampp\\htdocs\\anyloandoc.com\\version1\\app\\Views\\documents-checklist.php')
 3 SYSTEMPATH\View\View.php(227): CodeIgniter\View\View->CodeIgniter\View\{closure}()
 4 SYSTEMPATH\Common.php(1180): CodeIgniter\View\View->render('documents-checklist', [], true)
 5 APPPATH\Controllers\Home.php(47): view('documents-checklist', [...])
 6 SYSTEMPATH\CodeIgniter.php(932): App\Controllers\Home->documentsChecklist()
 7 SYSTEMPATH\CodeIgniter.php(497): CodeIgniter\CodeIgniter->runController(Object(App\Controllers\Home))
 8 SYSTEMPATH\CodeIgniter.php(366): CodeIgniter\CodeIgniter->handleRequest(null, Object(Config\Cache), false)
 9 FCPATH\index.php(67): CodeIgniter\CodeIgniter->run()
CRITICAL - 2024-05-09 11:19:18 --> Attempt to read property "title" on array
in APPPATH\Views\documents-checklist.php on line 108.
 1 APPPATH\Views\documents-checklist.php(108): CodeIgniter\Debug\Exceptions->errorHandler(2, 'Attempt to read property "title" on array', 'D:\\xampp\\htdocs\\anyloandoc.com\\version1\\app\\Views\\documents-checklist.php', 108)
 2 SYSTEMPATH\View\View.php(224): include('D:\\xampp\\htdocs\\anyloandoc.com\\version1\\app\\Views\\documents-checklist.php')
 3 SYSTEMPATH\View\View.php(227): CodeIgniter\View\View->CodeIgniter\View\{closure}()
 4 SYSTEMPATH\Common.php(1180): CodeIgniter\View\View->render('documents-checklist', [], true)
 5 APPPATH\Controllers\Home.php(47): view('documents-checklist', [...])
 6 SYSTEMPATH\CodeIgniter.php(932): App\Controllers\Home->documentsChecklist()
 7 SYSTEMPATH\CodeIgniter.php(497): CodeIgniter\CodeIgniter->runController(Object(App\Controllers\Home))
 8 SYSTEMPATH\CodeIgniter.php(366): CodeIgniter\CodeIgniter->handleRequest(null, Object(Config\Cache), false)
 9 FCPATH\index.php(67): CodeIgniter\CodeIgniter->run()
CRITICAL - 2024-05-09 11:24:08 --> Undefined variable $results
in APPPATH\Controllers\Home.php on line 47.
 1 APPPATH\Controllers\Home.php(47): CodeIgniter\Debug\Exceptions->errorHandler(2, 'Undefined variable $results', 'D:\\xampp\\htdocs\\anyloandoc.com\\version1\\app\\Controllers\\Home.php', 47)
 2 SYSTEMPATH\CodeIgniter.php(932): App\Controllers\Home->documentsChecklist()
 3 SYSTEMPATH\CodeIgniter.php(497): CodeIgniter\CodeIgniter->runController(Object(App\Controllers\Home))
 4 SYSTEMPATH\CodeIgniter.php(366): CodeIgniter\CodeIgniter->handleRequest(null, Object(Config\Cache), false)
 5 FCPATH\index.php(67): CodeIgniter\CodeIgniter->run()
CRITICAL - 2024-05-09 12:25:12 --> Call to undefined function form_submit()
in APPPATH\Views\documents-checklist.php on line 151.
 1 SYSTEMPATH\View\View.php(224): include()
 2 SYSTEMPATH\View\View.php(227): CodeIgniter\View\View->CodeIgniter\View\{closure}()
 3 SYSTEMPATH\Common.php(1180): CodeIgniter\View\View->render('documents-checklist', [], true)
 4 APPPATH\Controllers\Home.php(52): view('documents-checklist')
 5 SYSTEMPATH\CodeIgniter.php(932): App\Controllers\Home->documentsChecklist()
 6 SYSTEMPATH\CodeIgniter.php(497): CodeIgniter\CodeIgniter->runController(Object(App\Controllers\Home))
 7 SYSTEMPATH\CodeIgniter.php(366): CodeIgniter\CodeIgniter->handleRequest(null, Object(Config\Cache), false)
 8 FCPATH\index.php(67): CodeIgniter\CodeIgniter->run()
CRITICAL - 2024-05-09 12:25:13 --> Call to undefined function form_submit()
in APPPATH\Views\documents-checklist.php on line 151.
 1 SYSTEMPATH\View\View.php(224): include()
 2 SYSTEMPATH\View\View.php(227): CodeIgniter\View\View->CodeIgniter\View\{closure}()
 3 SYSTEMPATH\Common.php(1180): CodeIgniter\View\View->render('documents-checklist', [], true)
 4 APPPATH\Controllers\Home.php(52): view('documents-checklist')
 5 SYSTEMPATH\CodeIgniter.php(932): App\Controllers\Home->documentsChecklist()
 6 SYSTEMPATH\CodeIgniter.php(497): CodeIgniter\CodeIgniter->runController(Object(App\Controllers\Home))
 7 SYSTEMPATH\CodeIgniter.php(366): CodeIgniter\CodeIgniter->handleRequest(null, Object(Config\Cache), false)
 8 FCPATH\index.php(67): CodeIgniter\CodeIgniter->run()
CRITICAL - 2024-05-09 12:26:43 --> Call to undefined function form_submit()
in APPPATH\Views\documents-checklist.php on line 151.
 1 SYSTEMPATH\View\View.php(224): include()
 2 SYSTEMPATH\View\View.php(227): CodeIgniter\View\View->CodeIgniter\View\{closure}()
 3 SYSTEMPATH\Common.php(1180): CodeIgniter\View\View->render('documents-checklist', [], true)
 4 APPPATH\Controllers\Home.php(52): view('documents-checklist')
 5 SYSTEMPATH\CodeIgniter.php(932): App\Controllers\Home->documentsChecklist()
 6 SYSTEMPATH\CodeIgniter.php(497): CodeIgniter\CodeIgniter->runController(Object(App\Controllers\Home))
 7 SYSTEMPATH\CodeIgniter.php(366): CodeIgniter\CodeIgniter->handleRequest(null, Object(Config\Cache), false)
 8 FCPATH\index.php(67): CodeIgniter\CodeIgniter->run()
