CRITICAL - 2023-12-04 05:02:46 --> Undefined array key 0
in APPPATH\Views\emp-dashboard-client-emp.php on line 699.
 1 APPPATH\Views\emp-dashboard-client-emp.php(699): CodeIgniter\Debug\Exceptions->errorHandler(2, 'Undefined array key 0', 'C:\\xampp\\htdocs\\ReliableVerify\\app\\Views\\emp-dashboard-client-emp.php', 699)
 2 SYSTEMPATH\View\View.php(224): include('C:\\xampp\\htdocs\\ReliableVerify\\app\\Views\\emp-dashboard-client-emp.php')
 3 SYSTEMPATH\View\View.php(227): CodeIgniter\View\View->CodeIgniter\View\{closure}()
 4 SYSTEMPATH\Common.php(1180): CodeIgniter\View\View->render('emp-dashboard-client-emp', [], true)
 5 APPPATH\Controllers\Controllerusers.php(144): view('emp-dashboard-client-emp', [...])
 6 SYSTEMPATH\CodeIgniter.php(932): App\Controllers\Controllerusers->empdashClient()
 7 SYSTEMPATH\CodeIgniter.php(497): CodeIgniter\CodeIgniter->runController(Object(App\Controllers\Controllerusers))
 8 SYSTEMPATH\CodeIgniter.php(366): CodeIgniter\CodeIgniter->handleRequest(null, Object(Config\Cache), false)
 9 FCPATH\index.php(67): CodeIgniter\CodeIgniter->run()
CRITICAL - 2023-12-04 05:20:34 --> Undefined array key 0
in APPPATH\Views\users-client-emp.php on line 735.
 1 APPPATH\Views\users-client-emp.php(735): CodeIgniter\Debug\Exceptions->errorHandler(2, 'Undefined array key 0', 'C:\\xampp\\htdocs\\ReliableVerify\\app\\Views\\users-client-emp.php', 735)
 2 SYSTEMPATH\View\View.php(224): include('C:\\xampp\\htdocs\\ReliableVerify\\app\\Views\\users-client-emp.php')
 3 SYSTEMPATH\View\View.php(227): CodeIgniter\View\View->CodeIgniter\View\{closure}()
 4 SYSTEMPATH\Common.php(1180): CodeIgniter\View\View->render('users-client-emp', [], true)
 5 APPPATH\Controllers\Controllerusers.php(80): view('users-client-emp', [...])
 6 SYSTEMPATH\CodeIgniter.php(932): App\Controllers\Controllerusers->usersClientEmp()
 7 SYSTEMPATH\CodeIgniter.php(497): CodeIgniter\CodeIgniter->runController(Object(App\Controllers\Controllerusers))
 8 SYSTEMPATH\CodeIgniter.php(366): CodeIgniter\CodeIgniter->handleRequest(null, Object(Config\Cache), false)
 9 FCPATH\index.php(67): CodeIgniter\CodeIgniter->run()
CRITICAL - 2023-12-04 10:44:48 --> preg_match(): Argument #2 ($subject) must be of type string, array given
in FCPATH\vendor\phpoffice\phpspreadsheet\src\PhpSpreadsheet\Cell\DefaultValueBinder.php on line 63.
 1 FCPATH\vendor\phpoffice\phpspreadsheet\src\PhpSpreadsheet\Cell\DefaultValueBinder.php(63): preg_match('/^[\\+\\-]?(\\d+\\.?\\d*|\\d*\\.?\\d+)([Ee][\\-\\+]?[0-2]?\\d{1,3})?$/', [])
 2 FCPATH\vendor\phpoffice\phpspreadsheet\src\PhpSpreadsheet\Cell\DefaultValueBinder.php(35): PhpOffice\PhpSpreadsheet\Cell\DefaultValueBinder::dataTypeForValue([])
 3 FCPATH\vendor\phpoffice\phpspreadsheet\src\PhpSpreadsheet\Cell\Cell.php(237): PhpOffice\PhpSpreadsheet\Cell\DefaultValueBinder->bindValue(Object(PhpOffice\PhpSpreadsheet\Cell\Cell), [])
 4 FCPATH\vendor\phpoffice\phpspreadsheet\src\PhpSpreadsheet\Worksheet\Worksheet.php(1179): PhpOffice\PhpSpreadsheet\Cell\Cell->setValue([], Object(PhpOffice\PhpSpreadsheet\Cell\DefaultValueBinder))
 5 APPPATH\Controllers\Controllerusers.php(427): PhpOffice\PhpSpreadsheet\Worksheet\Worksheet->setCellValue('J2', [])
 6 SYSTEMPATH\CodeIgniter.php(932): App\Controllers\Controllerusers->downloadExcel()
 7 SYSTEMPATH\CodeIgniter.php(497): CodeIgniter\CodeIgniter->runController(Object(App\Controllers\Controllerusers))
 8 SYSTEMPATH\CodeIgniter.php(366): CodeIgniter\CodeIgniter->handleRequest(null, Object(Config\Cache), false)
 9 FCPATH\index.php(67): CodeIgniter\CodeIgniter->run()
CRITICAL - 2023-12-04 12:17:44 --> syntax error, unexpected token "."
in APPPATH\Controllers\Controllerusers.php on line 439.
 1 SYSTEMPATH\Autoloader\Autoloader.php(289): CodeIgniter\Autoloader\Autoloader->includeFile('C:\\xampp\\htdocs\\ReliableVerify\\app\\Controllers\\Controllerusers.php')
 2 SYSTEMPATH\Autoloader\Autoloader.php(267): CodeIgniter\Autoloader\Autoloader->loadInNamespace('App\\Controllers\\Controllerusers')
 3 [internal function]: CodeIgniter\Autoloader\Autoloader->loadClass('App\\Controllers\\Controllerusers')
 4 SYSTEMPATH\CodeIgniter.php(890): class_exists('\\App\\Controllers\\Controllerusers', true)
 5 SYSTEMPATH\CodeIgniter.php(484): CodeIgniter\CodeIgniter->startController()
 6 SYSTEMPATH\CodeIgniter.php(366): CodeIgniter\CodeIgniter->handleRequest(null, Object(Config\Cache), false)
 7 FCPATH\index.php(67): CodeIgniter\CodeIgniter->run()
CRITICAL - 2023-12-04 13:01:49 --> Call to undefined function App\Controllers\CHAR()
in APPPATH\Controllers\Controllerusers.php on line 422.
 1 SYSTEMPATH\CodeIgniter.php(932): App\Controllers\Controllerusers->downloadExcel()
 2 SYSTEMPATH\CodeIgniter.php(497): CodeIgniter\CodeIgniter->runController(Object(App\Controllers\Controllerusers))
 3 SYSTEMPATH\CodeIgniter.php(366): CodeIgniter\CodeIgniter->handleRequest(null, Object(Config\Cache), false)
 4 FCPATH\index.php(67): CodeIgniter\CodeIgniter->run()
CRITICAL - 2023-12-04 13:51:57 --> Too few arguments to function PhpOffice\PhpSpreadsheet\Style\Alignment::setWrapText(), 0 passed in C:\xampp\htdocs\ReliableVerify\app\Controllers\Controllerusers.php on line 435 and exactly 1 expected
in FCPATH\vendor\phpoffice\phpspreadsheet\src\PhpSpreadsheet\Style\Alignment.php on line 379.
 1 APPPATH\Controllers\Controllerusers.php(435): PhpOffice\PhpSpreadsheet\Style\Alignment->setWrapText()
 2 SYSTEMPATH\CodeIgniter.php(932): App\Controllers\Controllerusers->downloadExcel()
 3 SYSTEMPATH\CodeIgniter.php(497): CodeIgniter\CodeIgniter->runController(Object(App\Controllers\Controllerusers))
 4 SYSTEMPATH\CodeIgniter.php(366): CodeIgniter\CodeIgniter->handleRequest(null, Object(Config\Cache), false)
 5 FCPATH\index.php(67): CodeIgniter\CodeIgniter->run()
