CRITICAL - 2024-05-11 11:21:21 --> Invalid file: "eligibility.php"
in SYSTEMPATH\Exceptions\FrameworkException.php on line 33.
 1 SYSTEMPATH\View\View.php(212): CodeIgniter\Exceptions\FrameworkException::forInvalidFile('eligibility.php')
 2 SYSTEMPATH\Common.php(1180): CodeIgniter\View\View->render('eligibility', [], true)
 3 APPPATH\Controllers\Home.php(172): view('eligibility')
 4 SYSTEMPATH\CodeIgniter.php(932): App\Controllers\Home->eligibility()
 5 SYSTEMPATH\CodeIgniter.php(497): CodeIgniter\CodeIgniter->runController(Object(App\Controllers\Home))
 6 SYSTEMPATH\CodeIgniter.php(366): CodeIgniter\CodeIgniter->handleRequest(null, Object(Config\Cache), false)
 7 FCPATH\index.php(67): CodeIgniter\CodeIgniter->run()
CRITICAL - 2024-05-11 11:21:43 --> Invalid file: "eligibility.php"
in SYSTEMPATH\Exceptions\FrameworkException.php on line 33.
 1 SYSTEMPATH\View\View.php(212): CodeIgniter\Exceptions\FrameworkException::forInvalidFile('eligibility.php')
 2 SYSTEMPATH\Common.php(1180): CodeIgniter\View\View->render('eligibility', [], true)
 3 APPPATH\Controllers\Home.php(172): view('eligibility')
 4 SYSTEMPATH\CodeIgniter.php(932): App\Controllers\Home->eligibility()
 5 SYSTEMPATH\CodeIgniter.php(497): CodeIgniter\CodeIgniter->runController(Object(App\Controllers\Home))
 6 SYSTEMPATH\CodeIgniter.php(366): CodeIgniter\CodeIgniter->handleRequest(null, Object(Config\Cache), false)
 7 FCPATH\index.php(67): CodeIgniter\CodeIgniter->run()
CRITICAL - 2024-05-11 11:22:53 --> Invalid file: "eligibility.php"
in SYSTEMPATH\Exceptions\FrameworkException.php on line 33.
 1 SYSTEMPATH\View\View.php(212): CodeIgniter\Exceptions\FrameworkException::forInvalidFile('eligibility.php')
 2 SYSTEMPATH\Common.php(1180): CodeIgniter\View\View->render('eligibility', [], true)
 3 APPPATH\Controllers\Home.php(174): view('eligibility')
 4 SYSTEMPATH\CodeIgniter.php(932): App\Controllers\Home->eligibility()
 5 SYSTEMPATH\CodeIgniter.php(497): CodeIgniter\CodeIgniter->runController(Object(App\Controllers\Home))
 6 SYSTEMPATH\CodeIgniter.php(366): CodeIgniter\CodeIgniter->handleRequest(null, Object(Config\Cache), false)
 7 FCPATH\index.php(67): CodeIgniter\CodeIgniter->run()
